2024/11/08 22:21:03 [notice] 1#1: using the "epoll" event method
2024/11/08 22:21:03 [notice] 1#1: nginx/1.27.2
2024/11/08 22:21:03 [notice] 1#1: built by gcc 13.2.1 20240309 (Alpine 13.2.1_git20240309) 
2024/11/08 22:21:03 [notice] 1#1: OS: Linux 5.15.153.1-microsoft-standard-WSL2
2024/11/08 22:21:03 [notice] 1#1: getrlimit(RLIMIT_NOFILE): 1048576:1048576
2024/11/08 22:21:03 [notice] 1#1: start worker processes
2024/11/08 22:21:03 [notice] 1#1: start worker process 29
2024/11/08 22:21:03 [notice] 1#1: start worker process 30
2024/11/08 22:21:03 [notice] 1#1: start worker process 31
2024/11/08 22:21:03 [notice] 1#1: start worker process 32
2024/11/08 22:21:03 [notice] 1#1: start worker process 33
2024/11/08 22:21:03 [notice] 1#1: start worker process 34
2024/11/08 22:21:03 [notice] 1#1: start worker process 35
2024/11/08 22:21:03 [notice] 1#1: start worker process 36
2024/11/08 22:31:59 [notice] 1#1: signal 3 (SIGQUIT) received, shutting down
2024/11/08 22:31:59 [notice] 31#31: gracefully shutting down
2024/11/08 22:31:59 [notice] 30#30: gracefully shutting down
2024/11/08 22:31:59 [notice] 29#29: gracefully shutting down
2024/11/08 22:31:59 [notice] 36#36: gracefully shutting down
2024/11/08 22:31:59 [notice] 33#33: gracefully shutting down
2024/11/08 22:31:59 [notice] 34#34: gracefully shutting down
2024/11/08 22:31:59 [notice] 35#35: gracefully shutting down
2024/11/08 22:31:59 [notice] 32#32: gracefully shutting down
2024/11/08 22:31:59 [notice] 31#31: exiting
2024/11/08 22:31:59 [notice] 30#30: exiting
2024/11/08 22:31:59 [notice] 29#29: exiting
2024/11/08 22:31:59 [notice] 36#36: exiting
2024/11/08 22:31:59 [notice] 33#33: exiting
2024/11/08 22:31:59 [notice] 34#34: exiting
2024/11/08 22:31:59 [notice] 35#35: exiting
2024/11/08 22:31:59 [notice] 32#32: exiting
2024/11/08 22:31:59 [notice] 31#31: exit
2024/11/08 22:31:59 [notice] 30#30: exit
2024/11/08 22:31:59 [notice] 29#29: exit
2024/11/08 22:31:59 [notice] 36#36: exit
2024/11/08 22:31:59 [notice] 33#33: exit
2024/11/08 22:31:59 [notice] 34#34: exit
2024/11/08 22:31:59 [notice] 35#35: exit
2024/11/08 22:31:59 [notice] 32#32: exit
2024/11/08 22:31:59 [notice] 1#1: signal 17 (SIGCHLD) received from 29
2024/11/08 22:31:59 [notice] 1#1: worker process 29 exited with code 0
2024/11/08 22:31:59 [notice] 1#1: signal 29 (SIGIO) received
2024/11/08 22:31:59 [notice] 1#1: signal 17 (SIGCHLD) received from 36
2024/11/08 22:31:59 [notice] 1#1: worker process 31 exited with code 0
2024/11/08 22:31:59 [notice] 1#1: worker process 32 exited with code 0
2024/11/08 22:31:59 [notice] 1#1: worker process 35 exited with code 0
2024/11/08 22:31:59 [notice] 1#1: worker process 36 exited with code 0
2024/11/08 22:31:59 [notice] 1#1: signal 29 (SIGIO) received
2024/11/08 22:31:59 [notice] 1#1: signal 17 (SIGCHLD) received from 34
2024/11/08 22:31:59 [notice] 1#1: worker process 34 exited with code 0
2024/11/08 22:31:59 [notice] 1#1: signal 29 (SIGIO) received
2024/11/08 22:31:59 [notice] 1#1: signal 17 (SIGCHLD) received from 33
2024/11/08 22:31:59 [notice] 1#1: worker process 30 exited with code 0
2024/11/08 22:31:59 [notice] 1#1: worker process 33 exited with code 0
2024/11/08 22:31:59 [notice] 1#1: exit
2024/11/08 22:33:00 [notice] 1#1: using the "epoll" event method
2024/11/08 22:33:00 [notice] 1#1: nginx/1.27.2
2024/11/08 22:33:00 [notice] 1#1: built by gcc 13.2.1 20240309 (Alpine 13.2.1_git20240309) 
2024/11/08 22:33:00 [notice] 1#1: OS: Linux 5.15.153.1-microsoft-standard-WSL2
2024/11/08 22:33:00 [notice] 1#1: getrlimit(RLIMIT_NOFILE): 1048576:1048576
2024/11/08 22:33:00 [notice] 1#1: start worker processes
2024/11/08 22:33:00 [notice] 1#1: start worker process 29
2024/11/08 22:33:00 [notice] 1#1: start worker process 30
2024/11/08 22:33:00 [notice] 1#1: start worker process 31
2024/11/08 22:33:00 [notice] 1#1: start worker process 32
2024/11/08 22:33:00 [notice] 1#1: start worker process 33
2024/11/08 22:33:00 [notice] 1#1: start worker process 34
2024/11/08 22:33:00 [notice] 1#1: start worker process 35
2024/11/08 22:33:00 [notice] 1#1: start worker process 36
2024/11/08 23:05:04 [notice] 1#1: signal 3 (SIGQUIT) received, shutting down
2024/11/08 23:05:04 [notice] 29#29: gracefully shutting down
2024/11/08 23:05:04 [notice] 31#31: gracefully shutting down
2024/11/08 23:05:04 [notice] 33#33: gracefully shutting down
2024/11/08 23:05:04 [notice] 35#35: gracefully shutting down
2024/11/08 23:05:04 [notice] 30#30: gracefully shutting down
2024/11/08 23:05:04 [notice] 32#32: gracefully shutting down
2024/11/08 23:05:04 [notice] 36#36: gracefully shutting down
2024/11/08 23:05:04 [notice] 34#34: gracefully shutting down
2024/11/08 23:05:04 [notice] 29#29: exiting
2024/11/08 23:05:04 [notice] 31#31: exiting
2024/11/08 23:05:04 [notice] 31#31: exit
2024/11/08 23:05:04 [notice] 33#33: exiting
2024/11/08 23:05:04 [notice] 35#35: exiting
2024/11/08 23:05:04 [notice] 33#33: exit
2024/11/08 23:05:04 [notice] 30#30: exiting
2024/11/08 23:05:04 [notice] 32#32: exiting
2024/11/08 23:05:04 [notice] 36#36: exiting
2024/11/08 23:05:04 [notice] 34#34: exiting
2024/11/08 23:05:04 [notice] 36#36: exit
2024/11/08 23:05:04 [notice] 29#29: exit
2024/11/08 23:05:04 [notice] 35#35: exit
2024/11/08 23:05:04 [notice] 30#30: exit
2024/11/08 23:05:04 [notice] 32#32: exit
2024/11/08 23:05:04 [notice] 34#34: exit
2024/11/08 23:05:04 [notice] 1#1: signal 17 (SIGCHLD) received from 32
2024/11/08 23:05:04 [notice] 1#1: worker process 32 exited with code 0
2024/11/08 23:05:04 [notice] 1#1: signal 29 (SIGIO) received
2024/11/08 23:05:04 [notice] 1#1: signal 17 (SIGCHLD) received from 34
2024/11/08 23:05:04 [notice] 1#1: worker process 34 exited with code 0
2024/11/08 23:05:04 [notice] 1#1: signal 29 (SIGIO) received
2024/11/08 23:05:04 [notice] 1#1: signal 17 (SIGCHLD) received from 30
2024/11/08 23:05:04 [notice] 1#1: worker process 29 exited with code 0
2024/11/08 23:05:04 [notice] 1#1: worker process 30 exited with code 0
2024/11/08 23:05:04 [notice] 1#1: worker process 31 exited with code 0
2024/11/08 23:05:04 [notice] 1#1: worker process 33 exited with code 0
2024/11/08 23:05:04 [notice] 1#1: worker process 35 exited with code 0
2024/11/08 23:05:04 [notice] 1#1: worker process 36 exited with code 0
2024/11/08 23:05:04 [notice] 1#1: exit
2024/11/08 23:05:13 [notice] 1#1: using the "epoll" event method
2024/11/08 23:05:13 [notice] 1#1: nginx/1.27.2
2024/11/08 23:05:13 [notice] 1#1: built by gcc 13.2.1 20240309 (Alpine 13.2.1_git20240309) 
2024/11/08 23:05:13 [notice] 1#1: OS: Linux 5.15.153.1-microsoft-standard-WSL2
2024/11/08 23:05:13 [notice] 1#1: getrlimit(RLIMIT_NOFILE): 1048576:1048576
2024/11/08 23:05:13 [notice] 1#1: start worker processes
2024/11/08 23:05:13 [notice] 1#1: start worker process 29
2024/11/08 23:05:13 [notice] 1#1: start worker process 30
2024/11/08 23:05:13 [notice] 1#1: start worker process 31
2024/11/08 23:05:13 [notice] 1#1: start worker process 32
2024/11/08 23:05:13 [notice] 1#1: start worker process 33
2024/11/08 23:05:13 [notice] 1#1: start worker process 34
2024/11/08 23:05:13 [notice] 1#1: start worker process 35
2024/11/08 23:05:13 [notice] 1#1: start worker process 36
2024/11/08 23:19:19 [notice] 1#1: signal 3 (SIGQUIT) received, shutting down
2024/11/08 23:19:19 [notice] 29#29: gracefully shutting down
2024/11/08 23:19:19 [notice] 30#30: gracefully shutting down
2024/11/08 23:19:19 [notice] 35#35: gracefully shutting down
2024/11/08 23:19:19 [notice] 34#34: gracefully shutting down
2024/11/08 23:19:19 [notice] 33#33: gracefully shutting down
2024/11/08 23:19:19 [notice] 36#36: gracefully shutting down
2024/11/08 23:19:19 [notice] 31#31: gracefully shutting down
2024/11/08 23:19:19 [notice] 31#31: exiting
2024/11/08 23:19:19 [notice] 32#32: gracefully shutting down
2024/11/08 23:19:19 [notice] 29#29: exiting
2024/11/08 23:19:19 [notice] 30#30: exiting
2024/11/08 23:19:19 [notice] 34#34: exiting
2024/11/08 23:19:19 [notice] 35#35: exiting
2024/11/08 23:19:19 [notice] 33#33: exiting
2024/11/08 23:19:19 [notice] 36#36: exiting
2024/11/08 23:19:19 [notice] 31#31: exit
2024/11/08 23:19:19 [notice] 29#29: exit
2024/11/08 23:19:19 [notice] 30#30: exit
2024/11/08 23:19:19 [notice] 32#32: exiting
2024/11/08 23:19:19 [notice] 34#34: exit
2024/11/08 23:19:19 [notice] 35#35: exit
2024/11/08 23:19:19 [notice] 33#33: exit
2024/11/08 23:19:19 [notice] 36#36: exit
2024/11/08 23:19:19 [notice] 32#32: exit
2024/11/08 23:19:19 [notice] 1#1: signal 17 (SIGCHLD) received from 35
2024/11/08 23:19:19 [notice] 1#1: worker process 30 exited with code 0
2024/11/08 23:19:19 [notice] 1#1: worker process 35 exited with code 0
2024/11/08 23:19:19 [notice] 1#1: signal 29 (SIGIO) received
2024/11/08 23:19:19 [notice] 1#1: signal 17 (SIGCHLD) received from 31
2024/11/08 23:19:19 [notice] 1#1: worker process 31 exited with code 0
2024/11/08 23:19:19 [notice] 1#1: worker process 36 exited with code 0
2024/11/08 23:19:19 [notice] 1#1: signal 29 (SIGIO) received
2024/11/08 23:19:19 [notice] 1#1: signal 17 (SIGCHLD) received from 34
2024/11/08 23:19:19 [notice] 1#1: worker process 29 exited with code 0
2024/11/08 23:19:19 [notice] 1#1: worker process 32 exited with code 0
2024/11/08 23:19:19 [notice] 1#1: worker process 34 exited with code 0
2024/11/08 23:19:19 [notice] 1#1: signal 29 (SIGIO) received
2024/11/08 23:19:19 [notice] 1#1: signal 17 (SIGCHLD) received from 32
2024/11/08 23:19:19 [notice] 1#1: signal 17 (SIGCHLD) received from 33
2024/11/08 23:19:19 [notice] 1#1: worker process 33 exited with code 0
2024/11/08 23:19:19 [notice] 1#1: exit
2024/11/08 23:19:30 [notice] 1#1: using the "epoll" event method
2024/11/08 23:19:30 [notice] 1#1: nginx/1.27.2
2024/11/08 23:19:30 [notice] 1#1: built by gcc 13.2.1 20240309 (Alpine 13.2.1_git20240309) 
2024/11/08 23:19:30 [notice] 1#1: OS: Linux 5.15.153.1-microsoft-standard-WSL2
2024/11/08 23:19:30 [notice] 1#1: getrlimit(RLIMIT_NOFILE): 1048576:1048576
2024/11/08 23:19:30 [notice] 1#1: start worker processes
2024/11/08 23:19:30 [notice] 1#1: start worker process 29
2024/11/08 23:19:30 [notice] 1#1: start worker process 30
2024/11/08 23:19:30 [notice] 1#1: start worker process 31
2024/11/08 23:19:30 [notice] 1#1: start worker process 32
2024/11/08 23:19:30 [notice] 1#1: start worker process 33
2024/11/08 23:19:30 [notice] 1#1: start worker process 34
2024/11/08 23:19:30 [notice] 1#1: start worker process 35
2024/11/08 23:19:30 [notice] 1#1: start worker process 36
2024/11/08 23:19:46 [error] 29#29: *1 connect() failed (113: Host is unreachable) while connecting to upstream, client: 172.19.0.1, server: , request: "GET /user-profile HTTP/1.1", upstream: "fastcgi://172.19.0.2:9000", host: "localhost:8080", referrer: "http://localhost:8080/billing"
2024/11/08 23:19:55 [error] 29#29: *1 connect() failed (113: Host is unreachable) while connecting to upstream, client: 172.19.0.1, server: , request: "GET / HTTP/1.1", upstream: "fastcgi://172.19.0.2:9000", host: "localhost:8080"
2024/11/08 23:20:15 [error] 29#29: *1 connect() failed (113: Host is unreachable) while connecting to upstream, client: 172.19.0.1, server: , request: "GET / HTTP/1.1", upstream: "fastcgi://172.19.0.2:9000", host: "localhost:8080"
2024/11/08 23:20:25 [notice] 1#1: signal 3 (SIGQUIT) received, shutting down
2024/11/08 23:20:25 [notice] 29#29: gracefully shutting down
2024/11/08 23:20:25 [notice] 31#31: gracefully shutting down
2024/11/08 23:20:25 [notice] 31#31: exiting
2024/11/08 23:20:25 [notice] 32#32: gracefully shutting down
2024/11/08 23:20:25 [notice] 32#32: exiting
2024/11/08 23:20:25 [notice] 30#30: gracefully shutting down
2024/11/08 23:20:25 [notice] 33#33: gracefully shutting down
2024/11/08 23:20:25 [notice] 35#35: gracefully shutting down
2024/11/08 23:20:25 [notice] 35#35: exiting
2024/11/08 23:20:25 [notice] 36#36: gracefully shutting down
2024/11/08 23:20:25 [notice] 29#29: exiting
2024/11/08 23:20:25 [notice] 34#34: gracefully shutting down
2024/11/08 23:20:25 [notice] 31#31: exit
2024/11/08 23:20:25 [notice] 32#32: exit
2024/11/08 23:20:25 [notice] 33#33: exiting
2024/11/08 23:20:25 [notice] 35#35: exit
2024/11/08 23:20:25 [notice] 36#36: exiting
2024/11/08 23:20:25 [notice] 29#29: exit
2024/11/08 23:20:25 [notice] 34#34: exiting
2024/11/08 23:20:25 [notice] 33#33: exit
2024/11/08 23:20:25 [notice] 36#36: exit
2024/11/08 23:20:25 [notice] 34#34: exit
2024/11/08 23:20:25 [notice] 1#1: signal 17 (SIGCHLD) received from 29
2024/11/08 23:20:25 [notice] 1#1: worker process 29 exited with code 0
2024/11/08 23:20:25 [notice] 1#1: worker process 31 exited with code 0
2024/11/08 23:20:25 [notice] 1#1: worker process 33 exited with code 0
2024/11/08 23:20:25 [notice] 1#1: worker process 36 exited with code 0
2024/11/08 23:20:25 [notice] 1#1: signal 29 (SIGIO) received
2024/11/08 23:20:25 [notice] 1#1: signal 17 (SIGCHLD) received from 32
2024/11/08 23:20:25 [notice] 1#1: worker process 32 exited with code 0
2024/11/08 23:20:25 [notice] 1#1: signal 29 (SIGIO) received
2024/11/08 23:20:25 [notice] 1#1: signal 17 (SIGCHLD) received from 35
2024/11/08 23:20:25 [notice] 1#1: worker process 34 exited with code 0
2024/11/08 23:20:25 [notice] 1#1: worker process 35 exited with code 0
2024/11/08 23:20:25 [notice] 1#1: signal 29 (SIGIO) received
2024/11/08 23:20:43 [notice] 1#1: using the "epoll" event method
2024/11/08 23:20:43 [notice] 1#1: nginx/1.27.2
2024/11/08 23:20:43 [notice] 1#1: built by gcc 13.2.1 20240309 (Alpine 13.2.1_git20240309) 
2024/11/08 23:20:43 [notice] 1#1: OS: Linux 5.15.153.1-microsoft-standard-WSL2
2024/11/08 23:20:43 [notice] 1#1: getrlimit(RLIMIT_NOFILE): 1048576:1048576
2024/11/08 23:20:43 [notice] 1#1: start worker processes
2024/11/08 23:20:43 [notice] 1#1: start worker process 30
2024/11/08 23:20:43 [notice] 1#1: start worker process 31
2024/11/08 23:20:43 [notice] 1#1: start worker process 32
2024/11/08 23:20:43 [notice] 1#1: start worker process 33
2024/11/08 23:20:43 [notice] 1#1: start worker process 34
2024/11/08 23:20:43 [notice] 1#1: start worker process 35
2024/11/08 23:20:43 [notice] 1#1: start worker process 36
2024/11/08 23:20:43 [notice] 1#1: start worker process 37
2024/11/08 23:21:33 [notice] 1#1: signal 3 (SIGQUIT) received, shutting down
2024/11/08 23:21:33 [notice] 32#32: gracefully shutting down
2024/11/08 23:21:33 [notice] 30#30: gracefully shutting down
2024/11/08 23:21:33 [notice] 31#31: gracefully shutting down
2024/11/08 23:21:33 [notice] 37#37: gracefully shutting down
2024/11/08 23:21:33 [notice] 33#33: gracefully shutting down
2024/11/08 23:21:33 [notice] 36#36: gracefully shutting down
2024/11/08 23:21:33 [notice] 35#35: gracefully shutting down
2024/11/08 23:21:33 [notice] 35#35: exiting
2024/11/08 23:21:33 [notice] 34#34: gracefully shutting down
2024/11/08 23:21:33 [notice] 32#32: exiting
2024/11/08 23:21:33 [notice] 30#30: exiting
2024/11/08 23:21:33 [notice] 31#31: exiting
2024/11/08 23:21:33 [notice] 37#37: exiting
2024/11/08 23:21:33 [notice] 33#33: exiting
2024/11/08 23:21:33 [notice] 37#37: exit
2024/11/08 23:21:33 [notice] 36#36: exiting
2024/11/08 23:21:33 [notice] 35#35: exit
2024/11/08 23:21:33 [notice] 34#34: exiting
2024/11/08 23:21:33 [notice] 32#32: exit
2024/11/08 23:21:33 [notice] 30#30: exit
2024/11/08 23:21:33 [notice] 31#31: exit
2024/11/08 23:21:33 [notice] 33#33: exit
2024/11/08 23:21:33 [notice] 36#36: exit
2024/11/08 23:21:33 [notice] 34#34: exit
2024/11/08 23:21:33 [notice] 1#1: signal 17 (SIGCHLD) received from 37
2024/11/08 23:21:33 [notice] 1#1: worker process 37 exited with code 0
2024/11/08 23:21:33 [notice] 1#1: signal 29 (SIGIO) received
2024/11/08 23:21:33 [notice] 1#1: signal 17 (SIGCHLD) received from 36
2024/11/08 23:21:33 [notice] 1#1: worker process 36 exited with code 0
2024/11/08 23:21:33 [notice] 1#1: signal 29 (SIGIO) received
2024/11/08 23:21:33 [notice] 1#1: signal 17 (SIGCHLD) received from 35
2024/11/08 23:21:33 [notice] 1#1: worker process 32 exited with code 0
2024/11/08 23:21:33 [notice] 1#1: worker process 35 exited with code 0
2024/11/08 23:21:33 [notice] 1#1: signal 29 (SIGIO) received
2024/11/08 23:21:33 [notice] 1#1: signal 17 (SIGCHLD) received from 30
2024/11/08 23:21:33 [notice] 1#1: worker process 30 exited with code 0
2024/11/08 23:21:33 [notice] 1#1: worker process 31 exited with code 0
2024/11/08 23:21:33 [notice] 1#1: worker process 34 exited with code 0
2024/11/08 23:21:33 [notice] 1#1: signal 29 (SIGIO) received
2024/11/08 23:21:33 [notice] 1#1: signal 17 (SIGCHLD) received from 33
2024/11/08 23:21:33 [notice] 1#1: worker process 33 exited with code 0
2024/11/08 23:21:33 [notice] 1#1: exit
2024/11/08 23:21:38 [notice] 1#1: using the "epoll" event method
2024/11/08 23:21:38 [notice] 1#1: nginx/1.27.2
2024/11/08 23:21:38 [notice] 1#1: built by gcc 13.2.1 20240309 (Alpine 13.2.1_git20240309) 
2024/11/08 23:21:38 [notice] 1#1: OS: Linux 5.15.153.1-microsoft-standard-WSL2
2024/11/08 23:21:38 [notice] 1#1: getrlimit(RLIMIT_NOFILE): 1048576:1048576
2024/11/08 23:21:38 [notice] 1#1: start worker processes
2024/11/08 23:21:38 [notice] 1#1: start worker process 29
2024/11/08 23:21:38 [notice] 1#1: start worker process 30
2024/11/08 23:21:38 [notice] 1#1: start worker process 31
2024/11/08 23:21:38 [notice] 1#1: start worker process 32
2024/11/08 23:21:38 [notice] 1#1: start worker process 33
2024/11/08 23:21:38 [notice] 1#1: start worker process 34
2024/11/08 23:21:38 [notice] 1#1: start worker process 35
2024/11/08 23:21:38 [notice] 1#1: start worker process 36
2024/11/08 23:22:39 [notice] 1#1: signal 3 (SIGQUIT) received, shutting down
2024/11/08 23:22:39 [notice] 30#30: gracefully shutting down
2024/11/08 23:22:39 [notice] 35#35: gracefully shutting down
2024/11/08 23:22:39 [notice] 34#34: gracefully shutting down
2024/11/08 23:22:39 [notice] 29#29: gracefully shutting down
2024/11/08 23:22:39 [notice] 32#32: gracefully shutting down
2024/11/08 23:22:39 [notice] 32#32: exiting
2024/11/08 23:22:39 [notice] 31#31: gracefully shutting down
2024/11/08 23:22:39 [notice] 36#36: gracefully shutting down
2024/11/08 23:22:39 [notice] 33#33: gracefully shutting down
2024/11/08 23:22:39 [notice] 30#30: exiting
2024/11/08 23:22:39 [notice] 33#33: exiting
2024/11/08 23:22:39 [notice] 35#35: exiting
2024/11/08 23:22:39 [notice] 34#34: exiting
2024/11/08 23:22:39 [notice] 35#35: exit
2024/11/08 23:22:39 [notice] 29#29: exiting
2024/11/08 23:22:39 [notice] 32#32: exit
2024/11/08 23:22:39 [notice] 29#29: exit
2024/11/08 23:22:39 [notice] 31#31: exiting
2024/11/08 23:22:39 [notice] 36#36: exiting
2024/11/08 23:22:39 [notice] 31#31: exit
2024/11/08 23:22:39 [notice] 30#30: exit
2024/11/08 23:22:39 [notice] 33#33: exit
2024/11/08 23:22:39 [notice] 34#34: exit
2024/11/08 23:22:39 [notice] 36#36: exit
2024/11/08 23:22:44 [emerg] 1#1: host not found in upstream "php" in /etc/nginx/conf.d/default.conf:18
2024/11/08 23:22:55 [emerg] 1#1: host not found in upstream "php" in /etc/nginx/conf.d/default.conf:18
2024/11/08 23:23:20 [emerg] 1#1: host not found in upstream "php" in /etc/nginx/conf.d/default.conf:18
2024/11/08 23:24:01 [notice] 1#1: using the "epoll" event method
2024/11/08 23:24:01 [notice] 1#1: nginx/1.27.2
2024/11/08 23:24:01 [notice] 1#1: built by gcc 13.2.1 20240309 (Alpine 13.2.1_git20240309) 
2024/11/08 23:24:01 [notice] 1#1: OS: Linux 5.15.153.1-microsoft-standard-WSL2
2024/11/08 23:24:01 [notice] 1#1: getrlimit(RLIMIT_NOFILE): 1048576:1048576
2024/11/08 23:24:01 [notice] 1#1: start worker processes
2024/11/08 23:24:01 [notice] 1#1: start worker process 29
2024/11/08 23:24:01 [notice] 1#1: start worker process 30
2024/11/08 23:24:01 [notice] 1#1: start worker process 31
2024/11/08 23:24:01 [notice] 1#1: start worker process 32
2024/11/08 23:24:01 [notice] 1#1: start worker process 33
2024/11/08 23:24:01 [notice] 1#1: start worker process 34
2024/11/08 23:24:01 [notice] 1#1: start worker process 35
2024/11/08 23:24:01 [notice] 1#1: start worker process 36
2024/11/08 23:24:24 [notice] 1#1: signal 3 (SIGQUIT) received, shutting down
2024/11/08 23:24:24 [notice] 29#29: gracefully shutting down
2024/11/08 23:24:24 [notice] 31#31: gracefully shutting down
2024/11/08 23:24:24 [notice] 32#32: gracefully shutting down
2024/11/08 23:24:24 [notice] 31#31: exiting
2024/11/08 23:24:24 [notice] 34#34: gracefully shutting down
2024/11/08 23:24:24 [notice] 30#30: gracefully shutting down
2024/11/08 23:24:24 [notice] 33#33: gracefully shutting down
2024/11/08 23:24:24 [notice] 35#35: gracefully shutting down
2024/11/08 23:24:24 [notice] 36#36: gracefully shutting down
2024/11/08 23:24:24 [notice] 29#29: exiting
2024/11/08 23:24:24 [notice] 32#32: exiting
2024/11/08 23:24:24 [notice] 29#29: exit
2024/11/08 23:24:24 [notice] 31#31: exit
2024/11/08 23:24:24 [notice] 34#34: exiting
2024/11/08 23:24:24 [notice] 34#34: exit
2024/11/08 23:24:24 [notice] 30#30: exiting
2024/11/08 23:24:24 [notice] 33#33: exiting
2024/11/08 23:24:24 [notice] 35#35: exiting
2024/11/08 23:24:24 [notice] 36#36: exiting
2024/11/08 23:24:24 [notice] 32#32: exit
2024/11/08 23:24:24 [notice] 30#30: exit
2024/11/08 23:24:24 [notice] 33#33: exit
2024/11/08 23:24:24 [notice] 35#35: exit
2024/11/08 23:24:24 [notice] 36#36: exit
2024/11/08 23:24:24 [notice] 1#1: signal 17 (SIGCHLD) received from 32
2024/11/08 23:24:24 [notice] 1#1: worker process 29 exited with code 0
2024/11/08 23:24:24 [notice] 1#1: worker process 30 exited with code 0
2024/11/08 23:24:24 [notice] 1#1: worker process 31 exited with code 0
2024/11/08 23:24:24 [notice] 1#1: worker process 32 exited with code 0
2024/11/08 23:24:24 [notice] 1#1: worker process 33 exited with code 0
2024/11/08 23:24:24 [notice] 1#1: worker process 34 exited with code 0
2024/11/08 23:24:24 [notice] 1#1: worker process 35 exited with code 0
2024/11/08 23:24:24 [notice] 1#1: signal 29 (SIGIO) received
2024/11/08 23:24:24 [notice] 1#1: signal 17 (SIGCHLD) received from 33
2024/11/08 23:24:24 [notice] 1#1: signal 17 (SIGCHLD) received from 36
2024/11/08 23:24:24 [notice] 1#1: worker process 36 exited with code 0
2024/11/08 23:24:24 [notice] 1#1: exit
2024/11/08 23:26:31 [notice] 1#1: using the "epoll" event method
2024/11/08 23:26:31 [notice] 1#1: nginx/1.27.2
2024/11/08 23:26:31 [notice] 1#1: built by gcc 13.2.1 20240309 (Alpine 13.2.1_git20240309) 
2024/11/08 23:26:31 [notice] 1#1: OS: Linux 5.15.153.1-microsoft-standard-WSL2
2024/11/08 23:26:31 [notice] 1#1: getrlimit(RLIMIT_NOFILE): 1048576:1048576
2024/11/08 23:26:31 [notice] 1#1: start worker processes
2024/11/08 23:26:31 [notice] 1#1: start worker process 29
2024/11/08 23:26:31 [notice] 1#1: start worker process 30
2024/11/08 23:26:31 [notice] 1#1: start worker process 31
2024/11/08 23:26:31 [notice] 1#1: start worker process 32
2024/11/08 23:26:31 [notice] 1#1: start worker process 33
2024/11/08 23:26:31 [notice] 1#1: start worker process 34
2024/11/08 23:26:31 [notice] 1#1: start worker process 35
2024/11/08 23:26:31 [notice] 1#1: start worker process 36
2024/11/08 23:30:42 [notice] 1#1: using the "epoll" event method
2024/11/08 23:30:42 [notice] 1#1: nginx/1.27.2
2024/11/08 23:30:42 [notice] 1#1: built by gcc 13.2.1 20240309 (Alpine 13.2.1_git20240309) 
2024/11/08 23:30:42 [notice] 1#1: OS: Linux 5.15.153.1-microsoft-standard-WSL2
2024/11/08 23:30:42 [notice] 1#1: getrlimit(RLIMIT_NOFILE): 1048576:1048576
2024/11/08 23:30:42 [notice] 1#1: start worker processes
2024/11/08 23:30:42 [notice] 1#1: start worker process 30
2024/11/08 23:30:42 [notice] 1#1: start worker process 31
2024/11/08 23:30:42 [notice] 1#1: start worker process 32
2024/11/08 23:30:42 [notice] 1#1: start worker process 33
2024/11/08 23:30:42 [notice] 1#1: start worker process 34
2024/11/08 23:30:42 [notice] 1#1: start worker process 35
2024/11/08 23:30:42 [notice] 1#1: start worker process 36
2024/11/08 23:30:42 [notice] 1#1: start worker process 37
2024/11/08 23:30:45 [notice] 1#1: signal 3 (SIGQUIT) received, shutting down
2024/11/08 23:30:45 [notice] 30#30: gracefully shutting down
2024/11/08 23:30:45 [notice] 34#34: gracefully shutting down
2024/11/08 23:30:45 [notice] 35#35: gracefully shutting down
2024/11/08 23:30:45 [notice] 33#33: gracefully shutting down
2024/11/08 23:30:45 [notice] 32#32: gracefully shutting down
2024/11/08 23:30:45 [notice] 37#37: gracefully shutting down
2024/11/08 23:30:45 [notice] 31#31: gracefully shutting down
2024/11/08 23:30:45 [notice] 36#36: gracefully shutting down
2024/11/08 23:30:45 [notice] 30#30: exiting
2024/11/08 23:30:45 [notice] 34#34: exiting
2024/11/08 23:30:45 [notice] 35#35: exiting
2024/11/08 23:30:45 [notice] 33#33: exiting
2024/11/08 23:30:45 [notice] 32#32: exiting
2024/11/08 23:30:45 [notice] 37#37: exiting
2024/11/08 23:30:45 [notice] 31#31: exiting
2024/11/08 23:30:45 [notice] 36#36: exiting
2024/11/08 23:30:45 [notice] 30#30: exit
2024/11/08 23:30:45 [notice] 34#34: exit
2024/11/08 23:30:45 [notice] 35#35: exit
2024/11/08 23:30:45 [notice] 33#33: exit
2024/11/08 23:30:45 [notice] 32#32: exit
2024/11/08 23:30:45 [notice] 37#37: exit
2024/11/08 23:30:45 [notice] 31#31: exit
2024/11/08 23:30:45 [notice] 36#36: exit
2024/11/08 23:30:46 [notice] 1#1: signal 17 (SIGCHLD) received from 31
2024/11/08 23:30:46 [notice] 1#1: worker process 30 exited with code 0
2024/11/08 23:30:46 [notice] 1#1: worker process 31 exited with code 0
2024/11/08 23:30:46 [notice] 1#1: worker process 33 exited with code 0
2024/11/08 23:30:46 [notice] 1#1: worker process 34 exited with code 0
2024/11/08 23:30:46 [notice] 1#1: signal 29 (SIGIO) received
2024/11/08 23:30:46 [notice] 1#1: signal 17 (SIGCHLD) received from 35
2024/11/08 23:30:46 [notice] 1#1: worker process 35 exited with code 0
2024/11/08 23:30:46 [notice] 1#1: worker process 36 exited with code 0
2024/11/08 23:30:46 [notice] 1#1: worker process 37 exited with code 0
2024/11/08 23:30:46 [notice] 1#1: signal 29 (SIGIO) received
2024/11/08 23:30:46 [notice] 1#1: signal 17 (SIGCHLD) received from 32
2024/11/08 23:30:46 [notice] 1#1: worker process 32 exited with code 0
2024/11/08 23:30:46 [notice] 1#1: exit
2024/11/08 23:31:18 [notice] 1#1: using the "epoll" event method
2024/11/08 23:31:18 [notice] 1#1: nginx/1.27.2
2024/11/08 23:31:18 [notice] 1#1: built by gcc 13.2.1 20240309 (Alpine 13.2.1_git20240309) 
2024/11/08 23:31:18 [notice] 1#1: OS: Linux 5.15.153.1-microsoft-standard-WSL2
2024/11/08 23:31:18 [notice] 1#1: getrlimit(RLIMIT_NOFILE): 1048576:1048576
2024/11/08 23:31:18 [notice] 1#1: start worker processes
2024/11/08 23:31:18 [notice] 1#1: start worker process 28
2024/11/08 23:31:18 [notice] 1#1: start worker process 29
2024/11/08 23:31:18 [notice] 1#1: start worker process 30
2024/11/08 23:31:18 [notice] 1#1: start worker process 31
2024/11/08 23:31:18 [notice] 1#1: start worker process 32
2024/11/08 23:31:18 [notice] 1#1: start worker process 33
2024/11/08 23:31:18 [notice] 1#1: start worker process 34
2024/11/08 23:31:18 [notice] 1#1: start worker process 35
2024/11/08 23:33:40 [notice] 1#1: signal 3 (SIGQUIT) received, shutting down
2024/11/08 23:33:40 [notice] 29#29: gracefully shutting down
2024/11/08 23:33:40 [notice] 30#30: gracefully shutting down
2024/11/08 23:33:40 [notice] 30#30: exiting
2024/11/08 23:33:40 [notice] 34#34: gracefully shutting down
2024/11/08 23:33:40 [notice] 33#33: gracefully shutting down
2024/11/08 23:33:40 [notice] 28#28: gracefully shutting down
2024/11/08 23:33:40 [notice] 32#32: gracefully shutting down
2024/11/08 23:33:40 [notice] 31#31: gracefully shutting down
2024/11/08 23:33:40 [notice] 35#35: gracefully shutting down
2024/11/08 23:33:40 [notice] 29#29: exiting
2024/11/08 23:33:40 [notice] 30#30: exit
2024/11/08 23:33:40 [notice] 34#34: exiting
2024/11/08 23:33:40 [notice] 33#33: exiting
2024/11/08 23:33:40 [notice] 28#28: exiting
2024/11/08 23:33:40 [notice] 32#32: exiting
2024/11/08 23:33:40 [notice] 31#31: exiting
2024/11/08 23:33:40 [notice] 35#35: exiting
2024/11/08 23:33:40 [notice] 29#29: exit
2024/11/08 23:33:40 [notice] 34#34: exit
2024/11/08 23:33:40 [notice] 33#33: exit
2024/11/08 23:33:40 [notice] 28#28: exit
2024/11/08 23:33:40 [notice] 32#32: exit
2024/11/08 23:33:40 [notice] 31#31: exit
2024/11/08 23:33:40 [notice] 35#35: exit
2024/11/08 23:33:40 [notice] 1#1: signal 17 (SIGCHLD) received from 33
2024/11/08 23:33:40 [notice] 1#1: worker process 28 exited with code 0
2024/11/08 23:33:40 [notice] 1#1: worker process 29 exited with code 0
2024/11/08 23:33:40 [notice] 1#1: worker process 30 exited with code 0
2024/11/08 23:33:40 [notice] 1#1: worker process 31 exited with code 0
2024/11/08 23:33:40 [notice] 1#1: worker process 32 exited with code 0
2024/11/08 23:33:40 [notice] 1#1: worker process 33 exited with code 0
2024/11/08 23:33:40 [notice] 1#1: worker process 34 exited with code 0
2024/11/08 23:33:40 [notice] 1#1: worker process 35 exited with code 0
2024/11/08 23:33:40 [notice] 1#1: exit
2024/11/08 23:33:50 [notice] 1#1: using the "epoll" event method
2024/11/08 23:33:50 [notice] 1#1: nginx/1.27.2
2024/11/08 23:33:50 [notice] 1#1: built by gcc 13.2.1 20240309 (Alpine 13.2.1_git20240309) 
2024/11/08 23:33:50 [notice] 1#1: OS: Linux 5.15.153.1-microsoft-standard-WSL2
2024/11/08 23:33:50 [notice] 1#1: getrlimit(RLIMIT_NOFILE): 1048576:1048576
2024/11/08 23:33:50 [notice] 1#1: start worker processes
2024/11/08 23:33:50 [notice] 1#1: start worker process 29
2024/11/08 23:33:50 [notice] 1#1: start worker process 30
2024/11/08 23:33:50 [notice] 1#1: start worker process 31
2024/11/08 23:33:50 [notice] 1#1: start worker process 32
2024/11/08 23:33:50 [notice] 1#1: start worker process 33
2024/11/08 23:33:50 [notice] 1#1: start worker process 34
2024/11/08 23:33:50 [notice] 1#1: start worker process 35
2024/11/08 23:33:50 [notice] 1#1: start worker process 36
2024/11/08 23:36:21 [notice] 1#1: using the "epoll" event method
2024/11/08 23:36:21 [notice] 1#1: nginx/1.27.2
2024/11/08 23:36:21 [notice] 1#1: built by gcc 13.2.1 20240309 (Alpine 13.2.1_git20240309) 
2024/11/08 23:36:21 [notice] 1#1: OS: Linux 5.15.153.1-microsoft-standard-WSL2
2024/11/08 23:36:21 [notice] 1#1: getrlimit(RLIMIT_NOFILE): 1048576:1048576
2024/11/08 23:36:21 [notice] 1#1: start worker processes
2024/11/08 23:36:21 [notice] 1#1: start worker process 29
2024/11/08 23:36:21 [notice] 1#1: start worker process 30
2024/11/08 23:36:21 [notice] 1#1: start worker process 31
2024/11/08 23:36:21 [notice] 1#1: start worker process 32
2024/11/08 23:36:21 [notice] 1#1: start worker process 33
2024/11/08 23:36:21 [notice] 1#1: start worker process 34
2024/11/08 23:36:21 [notice] 1#1: start worker process 35
2024/11/08 23:36:21 [notice] 1#1: start worker process 36
2024/11/08 23:36:39 [notice] 1#1: signal 3 (SIGQUIT) received, shutting down
2024/11/08 23:36:39 [notice] 31#31: gracefully shutting down
2024/11/08 23:36:39 [notice] 29#29: gracefully shutting down
2024/11/08 23:36:39 [notice] 29#29: exiting
2024/11/08 23:36:39 [notice] 30#30: gracefully shutting down
2024/11/08 23:36:39 [notice] 32#32: gracefully shutting down
2024/11/08 23:36:39 [notice] 34#34: gracefully shutting down
2024/11/08 23:36:39 [notice] 35#35: gracefully shutting down
2024/11/08 23:36:39 [notice] 35#35: exiting
2024/11/08 23:36:39 [notice] 33#33: gracefully shutting down
2024/11/08 23:36:39 [notice] 31#31: exiting
2024/11/08 23:36:39 [notice] 31#31: exit
2024/11/08 23:36:39 [notice] 29#29: exit
2024/11/08 23:36:39 [notice] 36#36: gracefully shutting down
2024/11/08 23:36:39 [notice] 36#36: exiting
2024/11/08 23:36:39 [notice] 30#30: exiting
2024/11/08 23:36:39 [notice] 30#30: exit
2024/11/08 23:36:39 [notice] 32#32: exiting
2024/11/08 23:36:39 [notice] 34#34: exiting
2024/11/08 23:36:39 [notice] 35#35: exit
2024/11/08 23:36:39 [notice] 33#33: exiting
2024/11/08 23:36:39 [notice] 36#36: exit
2024/11/08 23:36:39 [notice] 32#32: exit
2024/11/08 23:36:39 [notice] 34#34: exit
2024/11/08 23:36:39 [notice] 33#33: exit
2024/11/08 23:36:39 [notice] 1#1: signal 17 (SIGCHLD) received from 29
2024/11/08 23:36:39 [notice] 1#1: worker process 29 exited with code 0
2024/11/08 23:36:39 [notice] 1#1: signal 29 (SIGIO) received
2024/11/08 23:36:39 [notice] 1#1: signal 17 (SIGCHLD) received from 31
2024/11/08 23:36:39 [notice] 1#1: worker process 30 exited with code 0
2024/11/08 23:36:39 [notice] 1#1: worker process 31 exited with code 0
2024/11/08 23:36:39 [notice] 1#1: worker process 34 exited with code 0
2024/11/08 23:36:39 [notice] 1#1: signal 29 (SIGIO) received
2024/11/08 23:36:39 [notice] 1#1: signal 17 (SIGCHLD) received from 36
2024/11/08 23:36:39 [notice] 1#1: worker process 35 exited with code 0
2024/11/08 23:36:39 [notice] 1#1: worker process 36 exited with code 0
2024/11/08 23:36:39 [notice] 1#1: signal 29 (SIGIO) received
2024/11/08 23:36:39 [notice] 1#1: signal 17 (SIGCHLD) received from 35
2024/11/08 23:36:39 [notice] 1#1: signal 17 (SIGCHLD) received from 32
2024/11/08 23:36:39 [notice] 1#1: worker process 32 exited with code 0
2024/11/08 23:36:39 [notice] 1#1: signal 29 (SIGIO) received
2024/11/08 23:36:39 [notice] 1#1: signal 17 (SIGCHLD) received from 33
2024/11/08 23:36:39 [notice] 1#1: worker process 33 exited with code 0
2024/11/08 23:36:39 [notice] 1#1: exit
2024/11/08 23:36:46 [notice] 1#1: using the "epoll" event method
2024/11/08 23:36:46 [notice] 1#1: nginx/1.27.2
2024/11/08 23:36:46 [notice] 1#1: built by gcc 13.2.1 20240309 (Alpine 13.2.1_git20240309) 
2024/11/08 23:36:46 [notice] 1#1: OS: Linux 5.15.153.1-microsoft-standard-WSL2
2024/11/08 23:36:46 [notice] 1#1: getrlimit(RLIMIT_NOFILE): 1048576:1048576
2024/11/08 23:36:46 [notice] 1#1: start worker processes
2024/11/08 23:36:46 [notice] 1#1: start worker process 29
2024/11/08 23:36:46 [notice] 1#1: start worker process 30
2024/11/08 23:36:46 [notice] 1#1: start worker process 31
2024/11/08 23:36:46 [notice] 1#1: start worker process 32
2024/11/08 23:36:46 [notice] 1#1: start worker process 33
2024/11/08 23:36:46 [notice] 1#1: start worker process 34
2024/11/08 23:36:46 [notice] 1#1: start worker process 35
2024/11/08 23:36:46 [notice] 1#1: start worker process 36
2024/11/08 23:42:35 [notice] 1#1: signal 3 (SIGQUIT) received, shutting down
2024/11/08 23:42:35 [notice] 30#30: gracefully shutting down
2024/11/08 23:42:35 [notice] 29#29: gracefully shutting down
2024/11/08 23:42:35 [notice] 35#35: gracefully shutting down
2024/11/08 23:42:35 [notice] 32#32: gracefully shutting down
2024/11/08 23:42:35 [notice] 34#34: gracefully shutting down
2024/11/08 23:42:35 [notice] 34#34: exiting
2024/11/08 23:42:35 [notice] 33#33: gracefully shutting down
2024/11/08 23:42:35 [notice] 33#33: exiting
2024/11/08 23:42:35 [notice] 36#36: gracefully shutting down
2024/11/08 23:42:35 [notice] 31#31: gracefully shutting down
2024/11/08 23:42:35 [notice] 30#30: exiting
2024/11/08 23:42:35 [notice] 29#29: exiting
2024/11/08 23:42:35 [notice] 35#35: exiting
2024/11/08 23:42:35 [notice] 32#32: exiting
2024/11/08 23:42:35 [notice] 34#34: exit
2024/11/08 23:42:35 [notice] 33#33: exit
2024/11/08 23:42:35 [notice] 36#36: exiting
2024/11/08 23:42:35 [notice] 31#31: exiting
2024/11/08 23:42:35 [notice] 30#30: exit
2024/11/08 23:42:35 [notice] 29#29: exit
2024/11/08 23:42:35 [notice] 35#35: exit
2024/11/08 23:42:35 [notice] 32#32: exit
2024/11/08 23:42:35 [notice] 31#31: exit
2024/11/08 23:42:35 [notice] 36#36: exit
2024/11/08 23:42:35 [notice] 1#1: signal 17 (SIGCHLD) received from 30
2024/11/08 23:42:35 [notice] 1#1: worker process 30 exited with code 0
2024/11/08 23:42:35 [notice] 1#1: worker process 34 exited with code 0
2024/11/08 23:42:35 [notice] 1#1: signal 29 (SIGIO) received
2024/11/08 23:42:35 [notice] 1#1: signal 17 (SIGCHLD) received from 32
2024/11/08 23:42:35 [notice] 1#1: worker process 32 exited with code 0
2024/11/08 23:42:35 [notice] 1#1: worker process 33 exited with code 0
2024/11/08 23:42:35 [notice] 1#1: signal 29 (SIGIO) received
2024/11/08 23:42:35 [notice] 1#1: signal 17 (SIGCHLD) received from 33
2024/11/08 23:42:35 [notice] 1#1: signal 17 (SIGCHLD) received from 29
2024/11/08 23:42:35 [notice] 1#1: worker process 29 exited with code 0
2024/11/08 23:42:35 [notice] 1#1: worker process 35 exited with code 0
2024/11/08 23:42:35 [notice] 1#1: worker process 36 exited with code 0
2024/11/08 23:42:35 [notice] 1#1: signal 29 (SIGIO) received
2024/11/08 23:42:35 [notice] 1#1: signal 17 (SIGCHLD) received from 35
2024/11/08 23:42:35 [notice] 1#1: signal 17 (SIGCHLD) received from 31
2024/11/08 23:42:35 [notice] 1#1: worker process 31 exited with code 0
2024/11/08 23:42:35 [notice] 1#1: exit
2024/11/08 23:44:23 [notice] 1#1: using the "epoll" event method
2024/11/08 23:44:23 [notice] 1#1: nginx/1.27.2
2024/11/08 23:44:23 [notice] 1#1: built by gcc 13.2.1 20240309 (Alpine 13.2.1_git20240309) 
2024/11/08 23:44:23 [notice] 1#1: OS: Linux 5.15.153.1-microsoft-standard-WSL2
2024/11/08 23:44:23 [notice] 1#1: getrlimit(RLIMIT_NOFILE): 1048576:1048576
2024/11/08 23:44:23 [notice] 1#1: start worker processes
2024/11/08 23:44:23 [notice] 1#1: start worker process 30
2024/11/08 23:44:23 [notice] 1#1: start worker process 31
2024/11/08 23:44:23 [notice] 1#1: start worker process 32
2024/11/08 23:44:23 [notice] 1#1: start worker process 33
2024/11/08 23:44:23 [notice] 1#1: start worker process 34
2024/11/08 23:44:23 [notice] 1#1: start worker process 35
2024/11/08 23:44:23 [notice] 1#1: start worker process 36
2024/11/08 23:44:23 [notice] 1#1: start worker process 37
2024/11/09 07:30:19 [notice] 1#1: signal 3 (SIGQUIT) received, shutting down
2024/11/09 07:30:19 [notice] 30#30: gracefully shutting down
2024/11/09 07:30:19 [notice] 36#36: gracefully shutting down
2024/11/09 07:30:19 [notice] 30#30: exiting
2024/11/09 07:30:19 [notice] 32#32: gracefully shutting down
2024/11/09 07:30:19 [notice] 33#33: gracefully shutting down
2024/11/09 07:30:19 [notice] 34#34: gracefully shutting down
2024/11/09 07:30:19 [notice] 35#35: gracefully shutting down
2024/11/09 07:30:19 [notice] 37#37: gracefully shutting down
2024/11/09 07:30:19 [notice] 36#36: exiting
2024/11/09 07:30:19 [notice] 31#31: gracefully shutting down
2024/11/09 07:30:19 [notice] 30#30: exit
2024/11/09 07:30:19 [notice] 32#32: exiting
2024/11/09 07:30:19 [notice] 31#31: exiting
2024/11/09 07:30:19 [notice] 33#33: exiting
2024/11/09 07:30:19 [notice] 35#35: exiting
2024/11/09 07:30:19 [notice] 37#37: exiting
2024/11/09 07:30:19 [notice] 34#34: exiting
2024/11/09 07:30:19 [notice] 36#36: exit
2024/11/09 07:30:19 [notice] 32#32: exit
2024/11/09 07:30:19 [notice] 33#33: exit
2024/11/09 07:30:19 [notice] 31#31: exit
2024/11/09 07:30:19 [notice] 35#35: exit
2024/11/09 07:30:19 [notice] 37#37: exit
2024/11/09 07:30:19 [notice] 34#34: exit
2024/11/09 07:30:19 [notice] 1#1: signal 17 (SIGCHLD) received from 32
2024/11/09 07:30:19 [notice] 1#1: worker process 30 exited with code 0
2024/11/09 07:30:19 [notice] 1#1: worker process 31 exited with code 0
2024/11/09 07:30:19 [notice] 1#1: worker process 32 exited with code 0
2024/11/09 07:30:19 [notice] 1#1: worker process 35 exited with code 0
2024/11/09 07:30:19 [notice] 1#1: worker process 36 exited with code 0
2024/11/09 07:30:19 [notice] 1#1: signal 29 (SIGIO) received
2024/11/09 07:30:19 [notice] 1#1: signal 17 (SIGCHLD) received from 31
2024/11/09 07:30:19 [notice] 1#1: signal 17 (SIGCHLD) received from 33
2024/11/09 07:30:19 [notice] 1#1: worker process 33 exited with code 0
2024/11/09 07:30:19 [notice] 1#1: signal 29 (SIGIO) received
2024/11/09 07:30:19 [notice] 1#1: signal 17 (SIGCHLD) received from 34
2024/11/09 07:30:19 [notice] 1#1: worker process 34 exited with code 0
2024/11/09 07:30:19 [notice] 1#1: worker process 37 exited with code 0
2024/11/09 07:30:19 [notice] 1#1: exit
2024/11/09 07:43:35 [notice] 1#1: using the "epoll" event method
2024/11/09 07:43:35 [notice] 1#1: nginx/1.27.2
2024/11/09 07:43:35 [notice] 1#1: built by gcc 13.2.1 20240309 (Alpine 13.2.1_git20240309) 
2024/11/09 07:43:35 [notice] 1#1: OS: Linux 5.15.153.1-microsoft-standard-WSL2
2024/11/09 07:43:35 [notice] 1#1: getrlimit(RLIMIT_NOFILE): 1048576:1048576
2024/11/09 07:43:35 [notice] 1#1: start worker processes
2024/11/09 07:43:35 [notice] 1#1: start worker process 29
2024/11/09 07:43:35 [notice] 1#1: start worker process 30
2024/11/09 07:43:35 [notice] 1#1: start worker process 31
2024/11/09 07:43:35 [notice] 1#1: start worker process 32
2024/11/09 07:43:35 [notice] 1#1: start worker process 33
2024/11/09 07:43:35 [notice] 1#1: start worker process 34
2024/11/09 07:43:35 [notice] 1#1: start worker process 35
2024/11/09 07:43:35 [notice] 1#1: start worker process 36
2024/11/09 14:01:21 [notice] 1#1: signal 3 (SIGQUIT) received, shutting down
2024/11/09 14:01:21 [notice] 30#30: gracefully shutting down
2024/11/09 14:01:21 [notice] 35#35: gracefully shutting down
2024/11/09 14:01:21 [notice] 29#29: gracefully shutting down
2024/11/09 14:01:21 [notice] 32#32: gracefully shutting down
2024/11/09 14:01:21 [notice] 34#34: gracefully shutting down
2024/11/09 14:01:21 [notice] 31#31: gracefully shutting down
2024/11/09 14:01:21 [notice] 32#32: exiting
2024/11/09 14:01:21 [notice] 35#35: exiting
2024/11/09 14:01:21 [notice] 34#34: exiting
2024/11/09 14:01:21 [notice] 30#30: exiting
2024/11/09 14:01:21 [notice] 29#29: exiting
2024/11/09 14:01:21 [notice] 36#36: gracefully shutting down
2024/11/09 14:01:21 [notice] 33#33: gracefully shutting down
2024/11/09 14:01:21 [notice] 36#36: exiting
2024/11/09 14:01:21 [notice] 31#31: exiting
2024/11/09 14:01:21 [notice] 33#33: exiting
2024/11/09 14:01:21 [notice] 34#34: exit
2024/11/09 14:01:21 [notice] 30#30: exit
2024/11/09 14:01:21 [notice] 36#36: exit
2024/11/09 14:01:21 [notice] 33#33: exit
2024/11/09 14:01:21 [notice] 32#32: exit
2024/11/09 14:01:21 [notice] 29#29: exit
2024/11/09 14:01:21 [notice] 35#35: exit
2024/11/09 14:01:21 [notice] 31#31: exit
2024/11/09 14:01:21 [notice] 1#1: signal 17 (SIGCHLD) received from 34
2024/11/09 14:01:21 [notice] 1#1: worker process 30 exited with code 0
2024/11/09 14:01:21 [notice] 1#1: worker process 32 exited with code 0
2024/11/09 14:01:21 [notice] 1#1: worker process 33 exited with code 0
2024/11/09 14:01:21 [notice] 1#1: worker process 34 exited with code 0
2024/11/09 14:01:21 [notice] 1#1: worker process 35 exited with code 0
2024/11/09 14:01:21 [notice] 1#1: worker process 36 exited with code 0
2024/11/09 14:01:21 [notice] 1#1: signal 29 (SIGIO) received
2024/11/09 14:01:21 [notice] 1#1: signal 17 (SIGCHLD) received from 32
2024/11/09 14:01:21 [notice] 1#1: signal 17 (SIGCHLD) received from 29
2024/11/09 14:01:21 [notice] 1#1: worker process 29 exited with code 0
2024/11/09 14:01:21 [notice] 1#1: signal 29 (SIGIO) received
2024/11/09 14:01:21 [notice] 1#1: signal 17 (SIGCHLD) received from 31
2024/11/09 14:01:21 [notice] 1#1: worker process 31 exited with code 0
2024/11/09 14:01:21 [notice] 1#1: exit
2024/11/26 15:09:44 [notice] 1#1: using the "epoll" event method
2024/11/26 15:09:44 [notice] 1#1: nginx/1.27.2
2024/11/26 15:09:44 [notice] 1#1: built by gcc 13.2.1 20240309 (Alpine 13.2.1_git20240309) 
2024/11/26 15:09:44 [notice] 1#1: OS: Linux 5.15.133.1-microsoft-standard-WSL2
2024/11/26 15:09:44 [notice] 1#1: getrlimit(RLIMIT_NOFILE): 1048576:1048576
2024/11/26 15:09:44 [notice] 1#1: start worker processes
2024/11/26 15:09:44 [notice] 1#1: start worker process 29
2024/11/26 15:09:44 [notice] 1#1: start worker process 30
2024/11/26 15:09:44 [notice] 1#1: start worker process 31
2024/11/26 15:09:44 [notice] 1#1: start worker process 32
2024/11/26 15:09:44 [notice] 1#1: start worker process 33
2024/11/26 15:09:44 [notice] 1#1: start worker process 34
2024/11/26 15:09:44 [notice] 1#1: start worker process 35
2024/11/26 15:09:44 [notice] 1#1: start worker process 36
2024/11/26 15:09:44 [notice] 1#1: start worker process 37
2024/11/26 15:09:44 [notice] 1#1: start worker process 38
2024/11/26 15:09:44 [notice] 1#1: start worker process 39
2024/11/26 15:09:44 [notice] 1#1: start worker process 40
2024/11/26 15:09:44 [notice] 1#1: start worker process 41
2024/11/26 15:09:44 [notice] 1#1: start worker process 42
2024/11/26 15:09:44 [notice] 1#1: start worker process 43
2024/11/26 15:09:44 [notice] 1#1: start worker process 44
2024/11/26 15:37:18 [notice] 1#1: signal 3 (SIGQUIT) received, shutting down
2024/11/26 15:37:18 [notice] 29#29: gracefully shutting down
2024/11/26 15:37:18 [notice] 42#42: gracefully shutting down
2024/11/26 15:37:18 [notice] 32#32: gracefully shutting down
2024/11/26 15:37:18 [notice] 30#30: gracefully shutting down
2024/11/26 15:37:18 [notice] 31#31: gracefully shutting down
2024/11/26 15:37:18 [notice] 33#33: gracefully shutting down
2024/11/26 15:37:18 [notice] 35#35: gracefully shutting down
2024/11/26 15:37:18 [notice] 37#37: gracefully shutting down
2024/11/26 15:37:18 [notice] 36#36: gracefully shutting down
2024/11/26 15:37:18 [notice] 37#37: exiting
2024/11/26 15:37:18 [notice] 34#34: gracefully shutting down
2024/11/26 15:37:18 [notice] 38#38: gracefully shutting down
2024/11/26 15:37:18 [notice] 40#40: gracefully shutting down
2024/11/26 15:37:18 [notice] 41#41: gracefully shutting down
2024/11/26 15:37:18 [notice] 40#40: exiting
2024/11/26 15:37:18 [notice] 39#39: gracefully shutting down
2024/11/26 15:37:18 [notice] 44#44: gracefully shutting down
2024/11/26 15:37:18 [notice] 43#43: gracefully shutting down
2024/11/26 15:37:18 [notice] 29#29: exiting
2024/11/26 15:37:18 [notice] 42#42: exiting
2024/11/26 15:37:18 [notice] 29#29: exit
2024/11/26 15:37:18 [notice] 30#30: exiting
2024/11/26 15:37:18 [notice] 32#32: exiting
2024/11/26 15:37:18 [notice] 31#31: exiting
2024/11/26 15:37:18 [notice] 33#33: exiting
2024/11/26 15:37:18 [notice] 35#35: exiting
2024/11/26 15:37:18 [notice] 33#33: exit
2024/11/26 15:37:18 [notice] 36#36: exiting
2024/11/26 15:37:18 [notice] 37#37: exit
2024/11/26 15:37:18 [notice] 36#36: exit
2024/11/26 15:37:18 [notice] 34#34: exiting
2024/11/26 15:37:18 [notice] 38#38: exiting
2024/11/26 15:37:18 [notice] 41#41: exiting
2024/11/26 15:37:18 [notice] 40#40: exit
2024/11/26 15:37:18 [notice] 39#39: exiting
2024/11/26 15:37:18 [notice] 44#44: exiting
2024/11/26 15:37:18 [notice] 39#39: exit
2024/11/26 15:37:18 [notice] 43#43: exiting
2024/11/26 15:37:18 [notice] 42#42: exit
2024/11/26 15:37:18 [notice] 30#30: exit
2024/11/26 15:37:18 [notice] 32#32: exit
2024/11/26 15:37:18 [notice] 31#31: exit
2024/11/26 15:37:18 [notice] 35#35: exit
2024/11/26 15:37:18 [notice] 34#34: exit
2024/11/26 15:37:18 [notice] 38#38: exit
2024/11/26 15:37:18 [notice] 41#41: exit
2024/11/26 15:37:18 [notice] 44#44: exit
2024/11/26 15:37:18 [notice] 43#43: exit
2024/11/26 15:37:18 [notice] 1#1: signal 17 (SIGCHLD) received from 41
2024/11/26 15:37:18 [notice] 1#1: worker process 29 exited with code 0
2024/11/26 15:37:18 [notice] 1#1: worker process 30 exited with code 0
2024/11/26 15:37:18 [notice] 1#1: worker process 33 exited with code 0
2024/11/26 15:37:18 [notice] 1#1: worker process 34 exited with code 0
2024/11/26 15:37:18 [notice] 1#1: worker process 41 exited with code 0
2024/11/26 15:37:18 [notice] 1#1: signal 29 (SIGIO) received
2024/11/26 15:37:18 [notice] 1#1: signal 17 (SIGCHLD) received from 29
2024/11/26 15:37:18 [notice] 1#1: signal 17 (SIGCHLD) received from 42
2024/11/26 15:37:18 [notice] 1#1: worker process 31 exited with code 0
2024/11/26 15:37:18 [notice] 1#1: worker process 35 exited with code 0
2024/11/26 15:37:18 [notice] 1#1: worker process 39 exited with code 0
2024/11/26 15:37:18 [notice] 1#1: worker process 42 exited with code 0
2024/11/26 15:37:18 [notice] 1#1: signal 29 (SIGIO) received
2024/11/26 15:37:18 [notice] 1#1: signal 17 (SIGCHLD) received from 39
2024/11/26 15:37:18 [notice] 1#1: signal 17 (SIGCHLD) received from 44
2024/11/26 15:37:18 [notice] 1#1: worker process 44 exited with code 0
2024/11/26 15:37:18 [notice] 1#1: signal 29 (SIGIO) received
2024/11/26 15:37:18 [notice] 1#1: signal 17 (SIGCHLD) received from 43
2024/11/26 15:37:18 [notice] 1#1: worker process 32 exited with code 0
2024/11/26 15:37:18 [notice] 1#1: worker process 37 exited with code 0
2024/11/26 15:37:18 [notice] 1#1: worker process 38 exited with code 0
2024/11/26 15:37:18 [notice] 1#1: worker process 40 exited with code 0
2024/11/26 15:37:18 [notice] 1#1: worker process 43 exited with code 0
2024/11/26 15:37:18 [notice] 1#1: signal 29 (SIGIO) received
2024/11/26 15:37:18 [notice] 1#1: signal 17 (SIGCHLD) received from 32
2024/11/26 15:37:18 [notice] 1#1: signal 17 (SIGCHLD) received from 36
2024/11/26 15:37:18 [notice] 1#1: worker process 36 exited with code 0
2024/11/26 15:37:18 [notice] 1#1: exit
2024/11/26 15:57:32 [notice] 1#1: using the "epoll" event method
2024/11/26 15:57:32 [notice] 1#1: nginx/1.27.2
2024/11/26 15:57:32 [notice] 1#1: built by gcc 13.2.1 20240309 (Alpine 13.2.1_git20240309) 
2024/11/26 15:57:32 [notice] 1#1: OS: Linux 5.15.133.1-microsoft-standard-WSL2
2024/11/26 15:57:32 [notice] 1#1: getrlimit(RLIMIT_NOFILE): 1048576:1048576
2024/11/26 15:57:32 [notice] 1#1: start worker processes
2024/11/26 15:57:32 [notice] 1#1: start worker process 29
2024/11/26 15:57:32 [notice] 1#1: start worker process 30
2024/11/26 15:57:32 [notice] 1#1: start worker process 31
2024/11/26 15:57:32 [notice] 1#1: start worker process 32
2024/11/26 15:57:32 [notice] 1#1: start worker process 33
2024/11/26 15:57:32 [notice] 1#1: start worker process 34
2024/11/26 15:57:32 [notice] 1#1: start worker process 35
2024/11/26 15:57:32 [notice] 1#1: start worker process 36
2024/11/26 15:57:32 [notice] 1#1: start worker process 37
2024/11/26 15:57:32 [notice] 1#1: start worker process 38
2024/11/26 15:57:32 [notice] 1#1: start worker process 39
2024/11/26 15:57:32 [notice] 1#1: start worker process 40
2024/11/26 15:57:32 [notice] 1#1: start worker process 41
2024/11/26 15:57:32 [notice] 1#1: start worker process 42
2024/11/26 15:57:32 [notice] 1#1: start worker process 43
2024/11/26 15:57:32 [notice] 1#1: start worker process 44
2024/11/26 16:05:02 [notice] 1#1: using the "epoll" event method
2024/11/26 16:05:02 [notice] 1#1: nginx/1.27.2
2024/11/26 16:05:02 [notice] 1#1: built by gcc 13.2.1 20240309 (Alpine 13.2.1_git20240309) 
2024/11/26 16:05:02 [notice] 1#1: OS: Linux 5.15.133.1-microsoft-standard-WSL2
2024/11/26 16:05:02 [notice] 1#1: getrlimit(RLIMIT_NOFILE): 1048576:1048576
2024/11/26 16:05:02 [notice] 1#1: start worker processes
2024/11/26 16:05:02 [notice] 1#1: start worker process 29
2024/11/26 16:05:02 [notice] 1#1: start worker process 30
2024/11/26 16:05:02 [notice] 1#1: start worker process 31
2024/11/26 16:05:02 [notice] 1#1: start worker process 32
2024/11/26 16:05:02 [notice] 1#1: start worker process 33
2024/11/26 16:05:02 [notice] 1#1: start worker process 34
2024/11/26 16:05:02 [notice] 1#1: start worker process 35
2024/11/26 16:05:02 [notice] 1#1: start worker process 36
2024/11/26 16:05:02 [notice] 1#1: start worker process 37
2024/11/26 16:05:02 [notice] 1#1: start worker process 38
2024/11/26 16:05:02 [notice] 1#1: start worker process 39
2024/11/26 16:05:02 [notice] 1#1: start worker process 40
2024/11/26 16:05:02 [notice] 1#1: start worker process 41
2024/11/26 16:05:02 [notice] 1#1: start worker process 42
2024/11/26 16:05:02 [notice] 1#1: start worker process 43
2024/11/26 16:05:02 [notice] 1#1: start worker process 44
2024/11/26 16:07:11 [notice] 1#1: signal 3 (SIGQUIT) received, shutting down
2024/11/26 16:07:11 [notice] 30#30: gracefully shutting down
2024/11/26 16:07:11 [notice] 44#44: gracefully shutting down
2024/11/26 16:07:11 [notice] 29#29: gracefully shutting down
2024/11/26 16:07:11 [notice] 32#32: gracefully shutting down
2024/11/26 16:07:11 [notice] 31#31: gracefully shutting down
2024/11/26 16:07:11 [notice] 35#35: gracefully shutting down
2024/11/26 16:07:11 [notice] 34#34: gracefully shutting down
2024/11/26 16:07:11 [notice] 35#35: exiting
2024/11/26 16:07:11 [notice] 33#33: gracefully shutting down
2024/11/26 16:07:11 [notice] 38#38: gracefully shutting down
2024/11/26 16:07:11 [notice] 35#35: exit
2024/11/26 16:07:11 [notice] 37#37: gracefully shutting down
2024/11/26 16:07:11 [notice] 39#39: gracefully shutting down
2024/11/26 16:07:11 [notice] 36#36: gracefully shutting down
2024/11/26 16:07:11 [notice] 40#40: gracefully shutting down
2024/11/26 16:07:11 [notice] 41#41: gracefully shutting down
2024/11/26 16:07:11 [notice] 40#40: exiting
2024/11/26 16:07:11 [notice] 42#42: gracefully shutting down
2024/11/26 16:07:11 [notice] 43#43: gracefully shutting down
2024/11/26 16:07:11 [notice] 30#30: exiting
2024/11/26 16:07:11 [notice] 44#44: exiting
2024/11/26 16:07:11 [notice] 29#29: exiting
2024/11/26 16:07:11 [notice] 32#32: exiting
2024/11/26 16:07:11 [notice] 31#31: exiting
2024/11/26 16:07:11 [notice] 34#34: exiting
2024/11/26 16:07:11 [notice] 33#33: exiting
2024/11/26 16:07:11 [notice] 38#38: exiting
2024/11/26 16:07:11 [notice] 37#37: exiting
2024/11/26 16:07:11 [notice] 39#39: exiting
2024/11/26 16:07:11 [notice] 36#36: exiting
2024/11/26 16:07:11 [notice] 41#41: exiting
2024/11/26 16:07:11 [notice] 40#40: exit
2024/11/26 16:07:11 [notice] 41#41: exit
2024/11/26 16:07:11 [notice] 42#42: exiting
2024/11/26 16:07:11 [notice] 43#43: exiting
2024/11/26 16:07:11 [notice] 30#30: exit
2024/11/26 16:07:11 [notice] 44#44: exit
2024/11/26 16:07:11 [notice] 29#29: exit
2024/11/26 16:07:11 [notice] 32#32: exit
2024/11/26 16:07:11 [notice] 31#31: exit
2024/11/26 16:07:11 [notice] 34#34: exit
2024/11/26 16:07:11 [notice] 33#33: exit
2024/11/26 16:07:11 [notice] 38#38: exit
2024/11/26 16:07:11 [notice] 37#37: exit
2024/11/26 16:07:11 [notice] 39#39: exit
2024/11/26 16:07:11 [notice] 36#36: exit
2024/11/26 16:07:11 [notice] 42#42: exit
2024/11/26 16:07:11 [notice] 43#43: exit
2024/11/26 16:07:11 [notice] 1#1: signal 17 (SIGCHLD) received from 35
2024/11/26 16:07:11 [notice] 1#1: worker process 35 exited with code 0
2024/11/26 16:07:11 [notice] 1#1: signal 29 (SIGIO) received
2024/11/26 16:07:11 [notice] 1#1: signal 17 (SIGCHLD) received from 31
2024/11/26 16:07:11 [notice] 1#1: worker process 30 exited with code 0
2024/11/26 16:07:11 [notice] 1#1: worker process 31 exited with code 0
2024/11/26 16:07:11 [notice] 1#1: worker process 32 exited with code 0
2024/11/26 16:07:11 [notice] 1#1: worker process 33 exited with code 0
2024/11/26 16:07:11 [notice] 1#1: worker process 36 exited with code 0
2024/11/26 16:07:11 [notice] 1#1: worker process 37 exited with code 0
2024/11/26 16:07:11 [notice] 1#1: worker process 38 exited with code 0
2024/11/26 16:07:11 [notice] 1#1: worker process 40 exited with code 0
2024/11/26 16:07:11 [notice] 1#1: worker process 43 exited with code 0
2024/11/26 16:07:11 [notice] 1#1: worker process 44 exited with code 0
2024/11/26 16:07:11 [notice] 1#1: signal 29 (SIGIO) received
2024/11/26 16:07:11 [notice] 1#1: signal 17 (SIGCHLD) received from 29
2024/11/26 16:07:11 [notice] 1#1: worker process 29 exited with code 0
2024/11/26 16:07:11 [notice] 1#1: signal 29 (SIGIO) received
2024/11/26 16:07:11 [notice] 1#1: signal 17 (SIGCHLD) received from 39
2024/11/26 16:07:11 [notice] 1#1: worker process 39 exited with code 0
2024/11/26 16:07:11 [notice] 1#1: signal 29 (SIGIO) received
2024/11/26 16:07:11 [notice] 1#1: signal 17 (SIGCHLD) received from 34
2024/11/26 16:07:11 [notice] 1#1: worker process 34 exited with code 0
2024/11/26 16:07:11 [notice] 1#1: worker process 41 exited with code 0
2024/11/26 16:07:11 [notice] 1#1: worker process 42 exited with code 0
2024/11/26 16:07:11 [notice] 1#1: exit
2024/11/26 16:07:30 [notice] 1#1: using the "epoll" event method
2024/11/26 16:07:30 [notice] 1#1: nginx/1.27.2
2024/11/26 16:07:30 [notice] 1#1: built by gcc 13.2.1 20240309 (Alpine 13.2.1_git20240309) 
2024/11/26 16:07:30 [notice] 1#1: OS: Linux 5.15.133.1-microsoft-standard-WSL2
2024/11/26 16:07:30 [notice] 1#1: getrlimit(RLIMIT_NOFILE): 1048576:1048576
2024/11/26 16:07:30 [notice] 1#1: start worker processes
2024/11/26 16:07:30 [notice] 1#1: start worker process 29
2024/11/26 16:07:30 [notice] 1#1: start worker process 30
2024/11/26 16:07:30 [notice] 1#1: start worker process 31
2024/11/26 16:07:30 [notice] 1#1: start worker process 32
2024/11/26 16:07:30 [notice] 1#1: start worker process 33
2024/11/26 16:07:30 [notice] 1#1: start worker process 34
2024/11/26 16:07:30 [notice] 1#1: start worker process 35
2024/11/26 16:07:30 [notice] 1#1: start worker process 36
2024/11/26 16:07:30 [notice] 1#1: start worker process 37
2024/11/26 16:07:30 [notice] 1#1: start worker process 38
2024/11/26 16:07:30 [notice] 1#1: start worker process 39
2024/11/26 16:07:30 [notice] 1#1: start worker process 40
2024/11/26 16:07:30 [notice] 1#1: start worker process 41
2024/11/26 16:07:30 [notice] 1#1: start worker process 42
2024/11/26 16:07:30 [notice] 1#1: start worker process 43
2024/11/26 16:07:30 [notice] 1#1: start worker process 44
2024/11/26 16:10:26 [notice] 1#1: signal 3 (SIGQUIT) received, shutting down
2024/11/26 16:10:26 [notice] 29#29: gracefully shutting down
2024/11/26 16:10:26 [notice] 39#39: gracefully shutting down
2024/11/26 16:10:26 [notice] 30#30: gracefully shutting down
2024/11/26 16:10:26 [notice] 31#31: gracefully shutting down
2024/11/26 16:10:26 [notice] 32#32: gracefully shutting down
2024/11/26 16:10:26 [notice] 33#33: gracefully shutting down
2024/11/26 16:10:26 [notice] 34#34: gracefully shutting down
2024/11/26 16:10:26 [notice] 35#35: gracefully shutting down
2024/11/26 16:10:26 [notice] 36#36: gracefully shutting down
2024/11/26 16:10:26 [notice] 37#37: gracefully shutting down
2024/11/26 16:10:26 [notice] 38#38: gracefully shutting down
2024/11/26 16:10:26 [notice] 38#38: exiting
2024/11/26 16:10:26 [notice] 40#40: gracefully shutting down
2024/11/26 16:10:26 [notice] 41#41: gracefully shutting down
2024/11/26 16:10:26 [notice] 42#42: gracefully shutting down
2024/11/26 16:10:26 [notice] 29#29: exiting
2024/11/26 16:10:26 [notice] 43#43: gracefully shutting down
2024/11/26 16:10:26 [notice] 44#44: gracefully shutting down
2024/11/26 16:10:26 [notice] 39#39: exiting
2024/11/26 16:10:26 [notice] 30#30: exiting
2024/11/26 16:10:26 [notice] 31#31: exiting
2024/11/26 16:10:26 [notice] 32#32: exiting
2024/11/26 16:10:26 [notice] 33#33: exiting
2024/11/26 16:10:26 [notice] 34#34: exiting
2024/11/26 16:10:26 [notice] 35#35: exiting
2024/11/26 16:10:26 [notice] 36#36: exiting
2024/11/26 16:10:26 [notice] 37#37: exiting
2024/11/26 16:10:26 [notice] 38#38: exit
2024/11/26 16:10:26 [notice] 40#40: exiting
2024/11/26 16:10:26 [notice] 41#41: exiting
2024/11/26 16:10:26 [notice] 42#42: exiting
2024/11/26 16:10:26 [notice] 29#29: exit
2024/11/26 16:10:26 [notice] 43#43: exiting
2024/11/26 16:10:26 [notice] 44#44: exiting
2024/11/26 16:10:26 [notice] 39#39: exit
2024/11/26 16:10:26 [notice] 30#30: exit
2024/11/26 16:10:26 [notice] 31#31: exit
2024/11/26 16:10:26 [notice] 32#32: exit
2024/11/26 16:10:26 [notice] 33#33: exit
2024/11/26 16:10:26 [notice] 34#34: exit
2024/11/26 16:10:26 [notice] 35#35: exit
2024/11/26 16:10:26 [notice] 36#36: exit
2024/11/26 16:10:26 [notice] 37#37: exit
2024/11/26 16:10:26 [notice] 40#40: exit
2024/11/26 16:10:26 [notice] 41#41: exit
2024/11/26 16:10:26 [notice] 42#42: exit
2024/11/26 16:10:26 [notice] 43#43: exit
2024/11/26 16:10:26 [notice] 44#44: exit
2024/11/26 16:10:27 [notice] 1#1: signal 17 (SIGCHLD) received from 38
2024/11/26 16:10:27 [notice] 1#1: worker process 29 exited with code 0
2024/11/26 16:10:27 [notice] 1#1: worker process 30 exited with code 0
2024/11/26 16:10:27 [notice] 1#1: worker process 32 exited with code 0
2024/11/26 16:10:27 [notice] 1#1: worker process 36 exited with code 0
2024/11/26 16:10:27 [notice] 1#1: worker process 38 exited with code 0
2024/11/26 16:10:27 [notice] 1#1: signal 29 (SIGIO) received
2024/11/26 16:10:27 [notice] 1#1: signal 17 (SIGCHLD) received from 39
2024/11/26 16:10:27 [notice] 1#1: worker process 39 exited with code 0
2024/11/26 16:10:27 [notice] 1#1: signal 29 (SIGIO) received
2024/11/26 16:10:27 [notice] 1#1: signal 17 (SIGCHLD) received from 43
2024/11/26 16:10:27 [notice] 1#1: worker process 31 exited with code 0
2024/11/26 16:10:27 [notice] 1#1: worker process 34 exited with code 0
2024/11/26 16:10:27 [notice] 1#1: worker process 40 exited with code 0
2024/11/26 16:10:27 [notice] 1#1: worker process 42 exited with code 0
2024/11/26 16:10:27 [notice] 1#1: worker process 43 exited with code 0
2024/11/26 16:10:27 [notice] 1#1: signal 29 (SIGIO) received
2024/11/26 16:10:27 [notice] 1#1: signal 17 (SIGCHLD) received from 40
2024/11/26 16:10:27 [notice] 1#1: signal 17 (SIGCHLD) received from 44
2024/11/26 16:10:27 [notice] 1#1: worker process 37 exited with code 0
2024/11/26 16:10:27 [notice] 1#1: worker process 44 exited with code 0
2024/11/26 16:10:27 [notice] 1#1: signal 29 (SIGIO) received
2024/11/26 16:10:27 [notice] 1#1: signal 17 (SIGCHLD) received from 37
2024/11/26 16:10:27 [notice] 1#1: signal 17 (SIGCHLD) received from 35
2024/11/26 16:10:27 [notice] 1#1: worker process 33 exited with code 0
2024/11/26 16:10:27 [notice] 1#1: worker process 35 exited with code 0
2024/11/26 16:10:27 [notice] 1#1: signal 29 (SIGIO) received
2024/11/26 16:10:27 [notice] 1#1: signal 17 (SIGCHLD) received from 33
2024/11/26 16:10:27 [notice] 1#1: signal 17 (SIGCHLD) received from 41
2024/11/26 16:10:27 [notice] 1#1: worker process 41 exited with code 0
2024/11/26 16:10:27 [notice] 1#1: exit
2024/11/26 16:10:31 [notice] 1#1: using the "epoll" event method
2024/11/26 16:10:31 [notice] 1#1: nginx/1.27.2
2024/11/26 16:10:31 [notice] 1#1: built by gcc 13.2.1 20240309 (Alpine 13.2.1_git20240309) 
2024/11/26 16:10:31 [notice] 1#1: OS: Linux 5.15.133.1-microsoft-standard-WSL2
2024/11/26 16:10:31 [notice] 1#1: getrlimit(RLIMIT_NOFILE): 1048576:1048576
2024/11/26 16:10:31 [notice] 1#1: start worker processes
2024/11/26 16:10:31 [notice] 1#1: start worker process 29
2024/11/26 16:10:31 [notice] 1#1: start worker process 30
2024/11/26 16:10:31 [notice] 1#1: start worker process 31
2024/11/26 16:10:31 [notice] 1#1: start worker process 32
2024/11/26 16:10:31 [notice] 1#1: start worker process 33
2024/11/26 16:10:31 [notice] 1#1: start worker process 34
2024/11/26 16:10:31 [notice] 1#1: start worker process 35
2024/11/26 16:10:31 [notice] 1#1: start worker process 36
2024/11/26 16:10:31 [notice] 1#1: start worker process 37
2024/11/26 16:10:31 [notice] 1#1: start worker process 38
2024/11/26 16:10:31 [notice] 1#1: start worker process 39
2024/11/26 16:10:31 [notice] 1#1: start worker process 40
2024/11/26 16:10:31 [notice] 1#1: start worker process 41
2024/11/26 16:10:31 [notice] 1#1: start worker process 42
2024/11/26 16:10:31 [notice] 1#1: start worker process 43
2024/11/26 16:10:31 [notice] 1#1: start worker process 44
2024/11/26 16:10:35 [notice] 1#1: signal 3 (SIGQUIT) received, shutting down
2024/11/26 16:10:35 [notice] 29#29: gracefully shutting down
2024/11/26 16:10:35 [notice] 39#39: gracefully shutting down
2024/11/26 16:10:35 [notice] 30#30: gracefully shutting down
2024/11/26 16:10:35 [notice] 31#31: gracefully shutting down
2024/11/26 16:10:35 [notice] 32#32: gracefully shutting down
2024/11/26 16:10:35 [notice] 33#33: gracefully shutting down
2024/11/26 16:10:35 [notice] 34#34: gracefully shutting down
2024/11/26 16:10:35 [notice] 35#35: gracefully shutting down
2024/11/26 16:10:35 [notice] 36#36: gracefully shutting down
2024/11/26 16:10:35 [notice] 37#37: gracefully shutting down
2024/11/26 16:10:35 [notice] 37#37: exiting
2024/11/26 16:10:35 [notice] 38#38: gracefully shutting down
2024/11/26 16:10:35 [notice] 40#40: gracefully shutting down
2024/11/26 16:10:35 [notice] 40#40: exiting
2024/11/26 16:10:35 [notice] 41#41: gracefully shutting down
2024/11/26 16:10:35 [notice] 29#29: exiting
2024/11/26 16:10:35 [notice] 42#42: gracefully shutting down
2024/11/26 16:10:35 [notice] 43#43: gracefully shutting down
2024/11/26 16:10:35 [notice] 44#44: gracefully shutting down
2024/11/26 16:10:35 [notice] 39#39: exiting
2024/11/26 16:10:35 [notice] 30#30: exiting
2024/11/26 16:10:35 [notice] 31#31: exiting
2024/11/26 16:10:35 [notice] 32#32: exiting
2024/11/26 16:10:35 [notice] 33#33: exiting
2024/11/26 16:10:35 [notice] 34#34: exiting
2024/11/26 16:10:35 [notice] 35#35: exiting
2024/11/26 16:10:35 [notice] 36#36: exiting
2024/11/26 16:10:35 [notice] 37#37: exit
2024/11/26 16:10:35 [notice] 38#38: exiting
2024/11/26 16:10:35 [notice] 40#40: exit
2024/11/26 16:10:35 [notice] 41#41: exiting
2024/11/26 16:10:35 [notice] 29#29: exit
2024/11/26 16:10:35 [notice] 42#42: exiting
2024/11/26 16:10:35 [notice] 43#43: exiting
2024/11/26 16:10:35 [notice] 44#44: exiting
2024/11/26 16:10:35 [notice] 39#39: exit
2024/11/26 16:10:35 [notice] 30#30: exit
2024/11/26 16:10:35 [notice] 31#31: exit
2024/11/26 16:10:35 [notice] 32#32: exit
2024/11/26 16:10:35 [notice] 33#33: exit
2024/11/26 16:10:35 [notice] 34#34: exit
2024/11/26 16:10:35 [notice] 35#35: exit
2024/11/26 16:10:35 [notice] 36#36: exit
2024/11/26 16:10:35 [notice] 38#38: exit
2024/11/26 16:10:35 [notice] 41#41: exit
2024/11/26 16:10:35 [notice] 42#42: exit
2024/11/26 16:10:35 [notice] 43#43: exit
2024/11/26 16:10:35 [notice] 44#44: exit
2024/11/26 16:10:36 [notice] 1#1: signal 17 (SIGCHLD) received from 33
2024/11/26 16:10:36 [notice] 1#1: worker process 31 exited with code 0
2024/11/26 16:10:36 [notice] 1#1: worker process 33 exited with code 0
2024/11/26 16:10:36 [notice] 1#1: worker process 39 exited with code 0
2024/11/26 16:10:36 [notice] 1#1: worker process 44 exited with code 0
2024/11/26 16:10:36 [notice] 1#1: signal 29 (SIGIO) received
2024/11/26 16:10:36 [notice] 1#1: signal 17 (SIGCHLD) received from 42
2024/11/26 16:10:36 [notice] 1#1: worker process 32 exited with code 0
2024/11/26 16:10:36 [notice] 1#1: worker process 36 exited with code 0
2024/11/26 16:10:36 [notice] 1#1: worker process 40 exited with code 0
2024/11/26 16:10:36 [notice] 1#1: worker process 42 exited with code 0
2024/11/26 16:10:36 [notice] 1#1: signal 29 (SIGIO) received
2024/11/26 16:10:36 [notice] 1#1: signal 17 (SIGCHLD) received from 36
2024/11/26 16:10:36 [notice] 1#1: signal 17 (SIGCHLD) received from 38
2024/11/26 16:10:36 [notice] 1#1: worker process 38 exited with code 0
2024/11/26 16:10:36 [notice] 1#1: signal 29 (SIGIO) received
2024/11/26 16:10:36 [notice] 1#1: signal 17 (SIGCHLD) received from 43
2024/11/26 16:10:36 [notice] 1#1: worker process 30 exited with code 0
2024/11/26 16:10:36 [notice] 1#1: worker process 35 exited with code 0
2024/11/26 16:10:36 [notice] 1#1: worker process 37 exited with code 0
2024/11/26 16:10:36 [notice] 1#1: worker process 41 exited with code 0
2024/11/26 16:10:36 [notice] 1#1: worker process 43 exited with code 0
2024/11/26 16:10:36 [notice] 1#1: signal 29 (SIGIO) received
2024/11/26 16:10:36 [notice] 1#1: signal 17 (SIGCHLD) received from 29
2024/11/26 16:10:36 [notice] 1#1: worker process 29 exited with code 0
2024/11/26 16:10:36 [notice] 1#1: worker process 34 exited with code 0
2024/11/26 16:10:36 [notice] 1#1: exit
2024/11/26 16:10:48 [notice] 1#1: using the "epoll" event method
2024/11/26 16:10:48 [notice] 1#1: nginx/1.27.2
2024/11/26 16:10:48 [notice] 1#1: built by gcc 13.2.1 20240309 (Alpine 13.2.1_git20240309) 
2024/11/26 16:10:48 [notice] 1#1: OS: Linux 5.15.133.1-microsoft-standard-WSL2
2024/11/26 16:10:48 [notice] 1#1: getrlimit(RLIMIT_NOFILE): 1048576:1048576
2024/11/26 16:10:48 [notice] 1#1: start worker processes
2024/11/26 16:10:48 [notice] 1#1: start worker process 29
2024/11/26 16:10:48 [notice] 1#1: start worker process 30
2024/11/26 16:10:48 [notice] 1#1: start worker process 31
2024/11/26 16:10:48 [notice] 1#1: start worker process 32
2024/11/26 16:10:48 [notice] 1#1: start worker process 33
2024/11/26 16:10:48 [notice] 1#1: start worker process 34
2024/11/26 16:10:48 [notice] 1#1: start worker process 35
2024/11/26 16:10:48 [notice] 1#1: start worker process 36
2024/11/26 16:10:48 [notice] 1#1: start worker process 37
2024/11/26 16:10:48 [notice] 1#1: start worker process 38
2024/11/26 16:10:48 [notice] 1#1: start worker process 39
2024/11/26 16:10:48 [notice] 1#1: start worker process 40
2024/11/26 16:10:48 [notice] 1#1: start worker process 41
2024/11/26 16:10:48 [notice] 1#1: start worker process 42
2024/11/26 16:10:48 [notice] 1#1: start worker process 43
2024/11/26 16:10:48 [notice] 1#1: start worker process 44
2024/11/26 16:15:56 [notice] 1#1: using the "epoll" event method
2024/11/26 16:15:56 [notice] 1#1: nginx/1.27.2
2024/11/26 16:15:56 [notice] 1#1: built by gcc 13.2.1 20240309 (Alpine 13.2.1_git20240309) 
2024/11/26 16:15:56 [notice] 1#1: OS: Linux 5.15.133.1-microsoft-standard-WSL2
2024/11/26 16:15:56 [notice] 1#1: getrlimit(RLIMIT_NOFILE): 1048576:1048576
2024/11/26 16:15:56 [notice] 1#1: start worker processes
2024/11/26 16:15:56 [notice] 1#1: start worker process 29
2024/11/26 16:15:56 [notice] 1#1: start worker process 30
2024/11/26 16:15:56 [notice] 1#1: start worker process 31
2024/11/26 16:15:56 [notice] 1#1: start worker process 32
2024/11/26 16:15:56 [notice] 1#1: start worker process 33
2024/11/26 16:15:56 [notice] 1#1: start worker process 34
2024/11/26 16:15:56 [notice] 1#1: start worker process 35
2024/11/26 16:15:56 [notice] 1#1: start worker process 36
2024/11/26 16:15:56 [notice] 1#1: start worker process 37
2024/11/26 16:15:56 [notice] 1#1: start worker process 38
2024/11/26 16:15:56 [notice] 1#1: start worker process 39
2024/11/26 16:15:56 [notice] 1#1: start worker process 40
2024/11/26 16:15:56 [notice] 1#1: start worker process 41
2024/11/26 16:15:56 [notice] 1#1: start worker process 42
2024/11/26 16:15:56 [notice] 1#1: start worker process 43
2024/11/26 16:15:56 [notice] 1#1: start worker process 44
2024/11/26 16:25:05 [notice] 1#1: using the "epoll" event method
2024/11/26 16:25:05 [notice] 1#1: nginx/1.27.2
2024/11/26 16:25:05 [notice] 1#1: built by gcc 13.2.1 20240309 (Alpine 13.2.1_git20240309) 
2024/11/26 16:25:05 [notice] 1#1: OS: Linux 5.15.133.1-microsoft-standard-WSL2
2024/11/26 16:25:05 [notice] 1#1: getrlimit(RLIMIT_NOFILE): 1048576:1048576
2024/11/26 16:25:05 [notice] 1#1: start worker processes
2024/11/26 16:25:05 [notice] 1#1: start worker process 29
2024/11/26 16:25:05 [notice] 1#1: start worker process 30
2024/11/26 16:25:05 [notice] 1#1: start worker process 31
2024/11/26 16:25:05 [notice] 1#1: start worker process 32
2024/11/26 16:25:05 [notice] 1#1: start worker process 33
2024/11/26 16:25:05 [notice] 1#1: start worker process 34
2024/11/26 16:25:05 [notice] 1#1: start worker process 35
2024/11/26 16:25:05 [notice] 1#1: start worker process 36
2024/11/26 16:25:05 [notice] 1#1: start worker process 37
2024/11/26 16:25:05 [notice] 1#1: start worker process 38
2024/11/26 16:25:05 [notice] 1#1: start worker process 39
2024/11/26 16:25:05 [notice] 1#1: start worker process 40
2024/11/26 16:25:05 [notice] 1#1: start worker process 41
2024/11/26 16:25:05 [notice] 1#1: start worker process 42
2024/11/26 16:25:05 [notice] 1#1: start worker process 43
2024/11/26 16:25:05 [notice] 1#1: start worker process 44
2024/11/26 16:25:48 [emerg] 1#1: host not found in upstream "php" in /etc/nginx/conf.d/default.conf:18
2024/11/26 16:26:30 [notice] 1#1: using the "epoll" event method
2024/11/26 16:26:30 [notice] 1#1: nginx/1.27.2
2024/11/26 16:26:30 [notice] 1#1: built by gcc 13.2.1 20240309 (Alpine 13.2.1_git20240309) 
2024/11/26 16:26:30 [notice] 1#1: OS: Linux 5.15.133.1-microsoft-standard-WSL2
2024/11/26 16:26:30 [notice] 1#1: getrlimit(RLIMIT_NOFILE): 1048576:1048576
2024/11/26 16:26:30 [notice] 1#1: start worker processes
2024/11/26 16:26:30 [notice] 1#1: start worker process 29
2024/11/26 16:26:30 [notice] 1#1: start worker process 30
2024/11/26 16:26:30 [notice] 1#1: start worker process 31
2024/11/26 16:26:30 [notice] 1#1: start worker process 32
2024/11/26 16:26:30 [notice] 1#1: start worker process 33
2024/11/26 16:26:30 [notice] 1#1: start worker process 34
2024/11/26 16:26:30 [notice] 1#1: start worker process 35
2024/11/26 16:26:30 [notice] 1#1: start worker process 36
2024/11/26 16:26:30 [notice] 1#1: start worker process 37
2024/11/26 16:26:30 [notice] 1#1: start worker process 38
2024/11/26 16:26:30 [notice] 1#1: start worker process 39
2024/11/26 16:26:30 [notice] 1#1: start worker process 40
2024/11/26 16:26:30 [notice] 1#1: start worker process 41
2024/11/26 16:26:30 [notice] 1#1: start worker process 42
2024/11/26 16:26:30 [notice] 1#1: start worker process 43
2024/11/26 16:26:30 [notice] 1#1: start worker process 44
2024/11/26 18:19:43 [notice] 1#1: using the "epoll" event method
2024/11/26 18:19:43 [notice] 1#1: nginx/1.27.2
2024/11/26 18:19:43 [notice] 1#1: built by gcc 13.2.1 20240309 (Alpine 13.2.1_git20240309) 
2024/11/26 18:19:43 [notice] 1#1: OS: Linux 5.15.133.1-microsoft-standard-WSL2
2024/11/26 18:19:43 [notice] 1#1: getrlimit(RLIMIT_NOFILE): 1048576:1048576
2024/11/26 18:19:43 [notice] 1#1: start worker processes
2024/11/26 18:19:43 [notice] 1#1: start worker process 29
2024/11/26 18:19:43 [notice] 1#1: start worker process 30
2024/11/26 18:19:43 [notice] 1#1: start worker process 31
2024/11/26 18:19:43 [notice] 1#1: start worker process 32
2024/11/26 18:19:43 [notice] 1#1: start worker process 33
2024/11/26 18:19:43 [notice] 1#1: start worker process 34
2024/11/26 18:19:43 [notice] 1#1: start worker process 35
2024/11/26 18:19:43 [notice] 1#1: start worker process 36
2024/11/26 18:19:43 [notice] 1#1: start worker process 37
2024/11/26 18:19:43 [notice] 1#1: start worker process 38
2024/11/26 18:19:43 [notice] 1#1: start worker process 39
2024/11/26 18:19:43 [notice] 1#1: start worker process 40
2024/11/26 18:19:43 [notice] 1#1: start worker process 41
2024/11/26 18:19:43 [notice] 1#1: start worker process 42
2024/11/26 18:19:43 [notice] 1#1: start worker process 43
2024/11/26 18:19:43 [notice] 1#1: start worker process 44
2024/11/26 18:26:39 [notice] 1#1: using the "epoll" event method
2024/11/26 18:26:39 [notice] 1#1: nginx/1.27.2
2024/11/26 18:26:39 [notice] 1#1: built by gcc 13.2.1 20240309 (Alpine 13.2.1_git20240309) 
2024/11/26 18:26:39 [notice] 1#1: OS: Linux 5.15.133.1-microsoft-standard-WSL2
2024/11/26 18:26:39 [notice] 1#1: getrlimit(RLIMIT_NOFILE): 1048576:1048576
2024/11/26 18:26:39 [notice] 1#1: start worker processes
2024/11/26 18:26:39 [notice] 1#1: start worker process 29
2024/11/26 18:26:39 [notice] 1#1: start worker process 30
2024/11/26 18:26:39 [notice] 1#1: start worker process 31
2024/11/26 18:26:39 [notice] 1#1: start worker process 32
2024/11/26 18:26:39 [notice] 1#1: start worker process 33
2024/11/26 18:26:39 [notice] 1#1: start worker process 34
2024/11/26 18:26:39 [notice] 1#1: start worker process 35
2024/11/26 18:26:39 [notice] 1#1: start worker process 36
2024/11/26 18:26:39 [notice] 1#1: start worker process 37
2024/11/26 18:26:39 [notice] 1#1: start worker process 38
2024/11/26 18:26:39 [notice] 1#1: start worker process 39
2024/11/26 18:26:39 [notice] 1#1: start worker process 40
2024/11/26 18:26:39 [notice] 1#1: start worker process 41
2024/11/26 18:26:39 [notice] 1#1: start worker process 42
2024/11/26 18:26:39 [notice] 1#1: start worker process 43
2024/11/26 18:26:39 [notice] 1#1: start worker process 44
2024/11/26 18:29:44 [emerg] 1#1: host not found in upstream "php" in /etc/nginx/conf.d/default.conf:18
2024/11/26 18:31:16 [notice] 1#1: using the "epoll" event method
2024/11/26 18:31:16 [notice] 1#1: nginx/1.27.2
2024/11/26 18:31:16 [notice] 1#1: built by gcc 13.2.1 20240309 (Alpine 13.2.1_git20240309) 
2024/11/26 18:31:16 [notice] 1#1: OS: Linux 5.15.133.1-microsoft-standard-WSL2
2024/11/26 18:31:16 [notice] 1#1: getrlimit(RLIMIT_NOFILE): 1048576:1048576
2024/11/26 18:31:16 [notice] 1#1: start worker processes
2024/11/26 18:31:16 [notice] 1#1: start worker process 29
2024/11/26 18:31:16 [notice] 1#1: start worker process 30
2024/11/26 18:31:16 [notice] 1#1: start worker process 31
2024/11/26 18:31:16 [notice] 1#1: start worker process 32
2024/11/26 18:31:16 [notice] 1#1: start worker process 33
2024/11/26 18:31:16 [notice] 1#1: start worker process 34
2024/11/26 18:31:16 [notice] 1#1: start worker process 35
2024/11/26 18:31:16 [notice] 1#1: start worker process 36
2024/11/26 18:31:16 [notice] 1#1: start worker process 37
2024/11/26 18:31:16 [notice] 1#1: start worker process 38
2024/11/26 18:31:16 [notice] 1#1: start worker process 39
2024/11/26 18:31:16 [notice] 1#1: start worker process 40
2024/11/26 18:31:16 [notice] 1#1: start worker process 41
2024/11/26 18:31:16 [notice] 1#1: start worker process 42
2024/11/26 18:31:16 [notice] 1#1: start worker process 43
2024/11/26 18:31:16 [notice] 1#1: start worker process 44
2024/11/26 18:32:01 [notice] 1#1: using the "epoll" event method
2024/11/26 18:32:01 [notice] 1#1: nginx/1.27.2
2024/11/26 18:32:01 [notice] 1#1: built by gcc 13.2.1 20240309 (Alpine 13.2.1_git20240309) 
2024/11/26 18:32:01 [notice] 1#1: OS: Linux 5.15.133.1-microsoft-standard-WSL2
2024/11/26 18:32:01 [notice] 1#1: getrlimit(RLIMIT_NOFILE): 1048576:1048576
2024/11/26 18:32:01 [notice] 1#1: start worker processes
2024/11/26 18:32:01 [notice] 1#1: start worker process 29
2024/11/26 18:32:01 [notice] 1#1: start worker process 30
2024/11/26 18:32:01 [notice] 1#1: start worker process 31
2024/11/26 18:32:01 [notice] 1#1: start worker process 32
2024/11/26 18:32:01 [notice] 1#1: start worker process 33
2024/11/26 18:32:01 [notice] 1#1: start worker process 34
2024/11/26 18:32:01 [notice] 1#1: start worker process 35
2024/11/26 18:32:01 [notice] 1#1: start worker process 36
2024/11/26 18:32:01 [notice] 1#1: start worker process 37
2024/11/26 18:32:01 [notice] 1#1: start worker process 38
2024/11/26 18:32:01 [notice] 1#1: start worker process 39
2024/11/26 18:32:01 [notice] 1#1: start worker process 40
2024/11/26 18:32:01 [notice] 1#1: start worker process 41
2024/11/26 18:32:01 [notice] 1#1: start worker process 42
2024/11/26 18:32:01 [notice] 1#1: start worker process 43
2024/11/26 18:32:01 [notice] 1#1: start worker process 44
2024/11/26 18:32:53 [emerg] 1#1: host not found in upstream "php" in /etc/nginx/conf.d/default.conf:18
2024/11/26 18:33:55 [emerg] 1#1: host not found in upstream "php" in /etc/nginx/conf.d/default.conf:18
2024/11/26 18:35:10 [notice] 1#1: using the "epoll" event method
2024/11/26 18:35:10 [notice] 1#1: nginx/1.27.2
2024/11/26 18:35:10 [notice] 1#1: built by gcc 13.2.1 20240309 (Alpine 13.2.1_git20240309) 
2024/11/26 18:35:10 [notice] 1#1: OS: Linux 5.15.133.1-microsoft-standard-WSL2
2024/11/26 18:35:10 [notice] 1#1: getrlimit(RLIMIT_NOFILE): 1048576:1048576
2024/11/26 18:35:10 [notice] 1#1: start worker processes
2024/11/26 18:35:10 [notice] 1#1: start worker process 29
2024/11/26 18:35:10 [notice] 1#1: start worker process 30
2024/11/26 18:35:10 [notice] 1#1: start worker process 31
2024/11/26 18:35:10 [notice] 1#1: start worker process 32
2024/11/26 18:35:10 [notice] 1#1: start worker process 33
2024/11/26 18:35:10 [notice] 1#1: start worker process 34
2024/11/26 18:35:10 [notice] 1#1: start worker process 35
2024/11/26 18:35:10 [notice] 1#1: start worker process 36
2024/11/26 18:35:10 [notice] 1#1: start worker process 37
2024/11/26 18:35:10 [notice] 1#1: start worker process 38
2024/11/26 18:35:10 [notice] 1#1: start worker process 39
2024/11/26 18:35:10 [notice] 1#1: start worker process 40
2024/11/26 18:35:10 [notice] 1#1: start worker process 41
2024/11/26 18:35:10 [notice] 1#1: start worker process 42
2024/11/26 18:35:10 [notice] 1#1: start worker process 43
2024/11/26 18:35:10 [notice] 1#1: start worker process 44
